{"C:\\Users\\Benedito\\Documents\\Visual Studio Code\\TecSim\\backend\\db\\db.js": {"path":"C:\\Users\\Benedito\\Documents\\Visual Studio Code\\TecSim\\backend\\db\\db.js","statementMap":{"0":{"start":{"line":2,"column":0},"end":{"line":2,"column":27}},"1":{"start":{"line":4,"column":17},"end":{"line":4,"column":30}},"2":{"start":{"line":7,"column":13},"end":{"line":12,"column":2}},"3":{"start":{"line":14,"column":14},"end":{"line":14,"column":56}},"4":{"start":{"line":14,"column":32},"end":{"line":14,"column":56}},"5":{"start":{"line":17,"column":0},"end":{"line":21,"column":2}},"6":{"start":{"line":19,"column":17},"end":{"line":19,"column":31}}},"fnMap":{"0":{"name":"(anonymous_0)","decl":{"start":{"line":14,"column":14},"end":{"line":14,"column":15}},"loc":{"start":{"line":14,"column":32},"end":{"line":14,"column":56}},"line":14},"1":{"name":"(anonymous_1)","decl":{"start":{"line":19,"column":11},"end":{"line":19,"column":12}},"loc":{"start":{"line":19,"column":17},"end":{"line":19,"column":31}},"line":19}},"branchMap":{},"s":{"0":13,"1":13,"2":13,"3":13,"4":1,"5":13,"6":1},"f":{"0":1,"1":1},"b":{},"_coverageSchema":"1a1c01bbd47fc00a2c39e90264f33305004495a9","hash":"79d52a72e3704b3996f38d9da88899bb03f411a1"}
,"C:\\Users\\Benedito\\Documents\\Visual Studio Code\\TecSim\\backend\\models\\bulaModel.js": {"path":"C:\\Users\\Benedito\\Documents\\Visual Studio Code\\TecSim\\backend\\models\\bulaModel.js","statementMap":{"0":{"start":{"line":12,"column":4},"end":{"line":12,"column":17}},"1":{"start":{"line":13,"column":4},"end":{"line":13,"column":41}},"2":{"start":{"line":14,"column":4},"end":{"line":14,"column":59}},"3":{"start":{"line":15,"column":4},"end":{"line":15,"column":33}},"4":{"start":{"line":16,"column":4},"end":{"line":16,"column":45}},"5":{"start":{"line":17,"column":4},"end":{"line":17,"column":37}},"6":{"start":{"line":18,"column":4},"end":{"line":18,"column":63}},"7":{"start":{"line":19,"column":4},"end":{"line":19,"column":61}},"8":{"start":{"line":24,"column":4},"end":{"line":33,"column":6}},"9":{"start":{"line":38,"column":4},"end":{"line":41,"column":6}},"10":{"start":{"line":45,"column":0},"end":{"line":45,"column":22}}},"fnMap":{"0":{"name":"(anonymous_0)","decl":{"start":{"line":2,"column":2},"end":{"line":2,"column":3}},"loc":{"start":{"line":11,"column":5},"end":{"line":20,"column":3}},"line":11},"1":{"name":"(anonymous_1)","decl":{"start":{"line":23,"column":2},"end":{"line":23,"column":3}},"loc":{"start":{"line":23,"column":11},"end":{"line":34,"column":3}},"line":23},"2":{"name":"(anonymous_2)","decl":{"start":{"line":37,"column":2},"end":{"line":37,"column":3}},"loc":{"start":{"line":37,"column":15},"end":{"line":42,"column":3}},"line":37}},"branchMap":{},"s":{"0":28,"1":28,"2":28,"3":28,"4":28,"5":28,"6":28,"7":28,"8":13,"9":7,"10":4},"f":{"0":28,"1":13,"2":7},"b":{},"_coverageSchema":"1a1c01bbd47fc00a2c39e90264f33305004495a9","hash":"d211959fe63487a7a1783ad5de1713b3caec0aeb"}
,"C:\\Users\\Benedito\\Documents\\Visual Studio Code\\TecSim\\backend\\models\\medicoModel.js": {"path":"C:\\Users\\Benedito\\Documents\\Visual Studio Code\\TecSim\\backend\\models\\medicoModel.js","statementMap":{"0":{"start":{"line":4,"column":4},"end":{"line":4,"column":67}},"1":{"start":{"line":5,"column":4},"end":{"line":5,"column":17}},"2":{"start":{"line":6,"column":4},"end":{"line":6,"column":21}},"3":{"start":{"line":7,"column":4},"end":{"line":7,"column":19}},"4":{"start":{"line":8,"column":4},"end":{"line":8,"column":39}},"5":{"start":{"line":9,"column":4},"end":{"line":9,"column":23}},"6":{"start":{"line":10,"column":4},"end":{"line":10,"column":23}},"7":{"start":{"line":11,"column":4},"end":{"line":11,"column":67}},"8":{"start":{"line":12,"column":4},"end":{"line":12,"column":23}},"9":{"start":{"line":16,"column":4},"end":{"line":23,"column":6}},"10":{"start":{"line":28,"column":4},"end":{"line":34,"column":6}},"11":{"start":{"line":39,"column":4},"end":{"line":39,"column":30}},"12":{"start":{"line":44,"column":4},"end":{"line":44,"column":48}},"13":{"start":{"line":48,"column":0},"end":{"line":48,"column":24}}},"fnMap":{"0":{"name":"(anonymous_0)","decl":{"start":{"line":3,"column":0},"end":{"line":3,"column":1}},"loc":{"start":{"line":3,"column":82},"end":{"line":13,"column":3}},"line":3},"1":{"name":"(anonymous_1)","decl":{"start":{"line":15,"column":2},"end":{"line":15,"column":3}},"loc":{"start":{"line":15,"column":11},"end":{"line":24,"column":3}},"line":15},"2":{"name":"(anonymous_2)","decl":{"start":{"line":27,"column":2},"end":{"line":27,"column":3}},"loc":{"start":{"line":27,"column":15},"end":{"line":35,"column":3}},"line":27},"3":{"name":"(anonymous_3)","decl":{"start":{"line":38,"column":2},"end":{"line":38,"column":3}},"loc":{"start":{"line":38,"column":21},"end":{"line":40,"column":3}},"line":38},"4":{"name":"(anonymous_4)","decl":{"start":{"line":43,"column":2},"end":{"line":43,"column":3}},"loc":{"start":{"line":43,"column":15},"end":{"line":45,"column":3}},"line":43}},"branchMap":{"0":{"loc":{"start":{"line":11,"column":25},"end":{"line":11,"column":66}},"type":"binary-expr","locations":[{"start":{"line":11,"column":25},"end":{"line":11,"column":38}},{"start":{"line":11,"column":42},"end":{"line":11,"column":66}}],"line":11},"1":{"loc":{"start":{"line":44,"column":14},"end":{"line":44,"column":46}},"type":"binary-expr","locations":[{"start":{"line":44,"column":14},"end":{"line":44,"column":22}},{"start":{"line":44,"column":26},"end":{"line":44,"column":46}}],"line":44}},"s":{"0":42,"1":42,"2":42,"3":42,"4":42,"5":42,"6":42,"7":42,"8":42,"9":3,"10":2,"11":2,"12":5,"13":3},"f":{"0":42,"1":3,"2":2,"3":2,"4":5},"b":{"0":[42,38],"1":[5,3]},"_coverageSchema":"1a1c01bbd47fc00a2c39e90264f33305004495a9","hash":"f55ac874e47e5066186acf9fae6b2d0adb2f056b"}
,"C:\\Users\\Benedito\\Documents\\Visual Studio Code\\TecSim\\backend\\models\\pacienteModel.js": {"path":"C:\\Users\\Benedito\\Documents\\Visual Studio Code\\TecSim\\backend\\models\\pacienteModel.js","statementMap":{"0":{"start":{"line":1,"column":15},"end":{"line":1,"column":32}},"1":{"start":{"line":21,"column":4},"end":{"line":21,"column":17}},"2":{"start":{"line":22,"column":4},"end":{"line":22,"column":21}},"3":{"start":{"line":23,"column":4},"end":{"line":23,"column":23}},"4":{"start":{"line":24,"column":4},"end":{"line":24,"column":23}},"5":{"start":{"line":25,"column":4},"end":{"line":25,"column":43}},"6":{"start":{"line":26,"column":4},"end":{"line":26,"column":27}},"7":{"start":{"line":27,"column":4},"end":{"line":27,"column":25}},"8":{"start":{"line":28,"column":4},"end":{"line":28,"column":39}},"9":{"start":{"line":29,"column":4},"end":{"line":29,"column":39}},"10":{"start":{"line":30,"column":4},"end":{"line":30,"column":23}},"11":{"start":{"line":31,"column":4},"end":{"line":31,"column":35}},"12":{"start":{"line":32,"column":4},"end":{"line":32,"column":19}},"13":{"start":{"line":33,"column":4},"end":{"line":33,"column":29}},"14":{"start":{"line":34,"column":4},"end":{"line":34,"column":33}},"15":{"start":{"line":35,"column":4},"end":{"line":35,"column":31}},"16":{"start":{"line":40,"column":4},"end":{"line":55,"column":6}},"17":{"start":{"line":60,"column":4},"end":{"line":65,"column":6}},"18":{"start":{"line":70,"column":17},"end":{"line":70,"column":30}},"19":{"start":{"line":71,"column":16},"end":{"line":71,"column":75}},"20":{"start":{"line":73,"column":29},"end":{"line":73,"column":33}},"21":{"start":{"line":74,"column":4},"end":{"line":79,"column":5}},"22":{"start":{"line":75,"column":6},"end":{"line":78,"column":23}},"23":{"start":{"line":81,"column":4},"end":{"line":84,"column":6}},"24":{"start":{"line":88,"column":0},"end":{"line":88,"column":26}}},"fnMap":{"0":{"name":"(anonymous_0)","decl":{"start":{"line":4,"column":2},"end":{"line":4,"column":3}},"loc":{"start":{"line":20,"column":5},"end":{"line":36,"column":3}},"line":20},"1":{"name":"(anonymous_1)","decl":{"start":{"line":39,"column":2},"end":{"line":39,"column":3}},"loc":{"start":{"line":39,"column":11},"end":{"line":56,"column":3}},"line":39},"2":{"name":"(anonymous_2)","decl":{"start":{"line":59,"column":2},"end":{"line":59,"column":3}},"loc":{"start":{"line":59,"column":15},"end":{"line":66,"column":3}},"line":59},"3":{"name":"(anonymous_3)","decl":{"start":{"line":69,"column":2},"end":{"line":69,"column":3}},"loc":{"start":{"line":69,"column":35},"end":{"line":85,"column":3}},"line":69}},"branchMap":{"0":{"loc":{"start":{"line":17,"column":4},"end":{"line":17,"column":17}},"type":"default-arg","locations":[{"start":{"line":17,"column":15},"end":{"line":17,"column":17}}],"line":17},"1":{"loc":{"start":{"line":18,"column":4},"end":{"line":18,"column":19}},"type":"default-arg","locations":[{"start":{"line":18,"column":17},"end":{"line":18,"column":19}}],"line":18},"2":{"loc":{"start":{"line":19,"column":4},"end":{"line":19,"column":18}},"type":"default-arg","locations":[{"start":{"line":19,"column":16},"end":{"line":19,"column":18}}],"line":19},"3":{"loc":{"start":{"line":71,"column":16},"end":{"line":71,"column":75}},"type":"binary-expr","locations":[{"start":{"line":71,"column":16},"end":{"line":71,"column":22}},{"start":{"line":71,"column":26},"end":{"line":71,"column":54}},{"start":{"line":71,"column":58},"end":{"line":71,"column":75}}],"line":71},"4":{"loc":{"start":{"line":74,"column":4},"end":{"line":79,"column":5}},"type":"if","locations":[{"start":{"line":74,"column":4},"end":{"line":79,"column":5}},{"start":{},"end":{}}],"line":74}},"s":{"0":4,"1":56,"2":56,"3":56,"4":56,"5":56,"6":56,"7":56,"8":56,"9":56,"10":56,"11":56,"12":56,"13":56,"14":56,"15":56,"16":14,"17":3,"18":6,"19":6,"20":6,"21":6,"22":5,"23":6,"24":4},"f":{"0":56,"1":14,"2":3,"3":6},"b":{"0":[49],"1":[50],"2":[50],"3":[6,2,1],"4":[5,1]},"_coverageSchema":"1a1c01bbd47fc00a2c39e90264f33305004495a9","hash":"39650e7df52eb9f363662fe3ab2072d5da83d3ff"}
,"C:\\Users\\Benedito\\Documents\\Visual Studio Code\\TecSim\\backend\\models\\prescricaoModel.js": {"path":"C:\\Users\\Benedito\\Documents\\Visual Studio Code\\TecSim\\backend\\models\\prescricaoModel.js","statementMap":{"0":{"start":{"line":11,"column":4},"end":{"line":11,"column":17}},"1":{"start":{"line":12,"column":4},"end":{"line":12,"column":35}},"2":{"start":{"line":13,"column":4},"end":{"line":13,"column":19}},"3":{"start":{"line":14,"column":4},"end":{"line":14,"column":35}},"4":{"start":{"line":15,"column":4},"end":{"line":15,"column":43}},"5":{"start":{"line":16,"column":4},"end":{"line":16,"column":29}},"6":{"start":{"line":17,"column":4},"end":{"line":17,"column":39}},"7":{"start":{"line":21,"column":4},"end":{"line":29,"column":6}},"8":{"start":{"line":33,"column":0},"end":{"line":33,"column":28}}},"fnMap":{"0":{"name":"(anonymous_0)","decl":{"start":{"line":2,"column":2},"end":{"line":2,"column":3}},"loc":{"start":{"line":10,"column":5},"end":{"line":18,"column":3}},"line":10},"1":{"name":"(anonymous_1)","decl":{"start":{"line":20,"column":2},"end":{"line":20,"column":3}},"loc":{"start":{"line":20,"column":11},"end":{"line":30,"column":3}},"line":20}},"branchMap":{},"s":{"0":39,"1":39,"2":39,"3":39,"4":39,"5":39,"6":39,"7":21,"8":4},"f":{"0":39,"1":21},"b":{},"_coverageSchema":"1a1c01bbd47fc00a2c39e90264f33305004495a9","hash":"e9e8ff85117fad4aa043197a3b3910f20b612978"}
,"C:\\Users\\Benedito\\Documents\\Visual Studio Code\\TecSim\\backend\\repository\\bulaRepository.js": {"path":"C:\\Users\\Benedito\\Documents\\Visual Studio Code\\TecSim\\backend\\repository\\bulaRepository.js","statementMap":{"0":{"start":{"line":1,"column":11},"end":{"line":1,"column":30}},"1":{"start":{"line":2,"column":13},"end":{"line":2,"column":43}},"2":{"start":{"line":6,"column":19},"end":{"line":6,"column":56}},"3":{"start":{"line":7,"column":4},"end":{"line":7,"column":49}},"4":{"start":{"line":7,"column":34},"end":{"line":7,"column":47}},"5":{"start":{"line":11,"column":19},"end":{"line":11,"column":76}},"6":{"start":{"line":12,"column":4},"end":{"line":12,"column":60}},"7":{"start":{"line":16,"column":19},"end":{"line":16,"column":100}},"8":{"start":{"line":17,"column":4},"end":{"line":17,"column":60}},"9":{"start":{"line":29,"column":8},"end":{"line":29,"column":12}},"10":{"start":{"line":31,"column":4},"end":{"line":55,"column":5}},"11":{"start":{"line":32,"column":21},"end":{"line":51,"column":8}},"12":{"start":{"line":52,"column":6},"end":{"line":52,"column":38}},"13":{"start":{"line":54,"column":6},"end":{"line":54,"column":16}},"14":{"start":{"line":67,"column":8},"end":{"line":67,"column":12}},"15":{"start":{"line":69,"column":4},"end":{"line":94,"column":5}},"16":{"start":{"line":70,"column":21},"end":{"line":90,"column":8}},"17":{"start":{"line":91,"column":6},"end":{"line":91,"column":62}},"18":{"start":{"line":93,"column":6},"end":{"line":93,"column":64}},"19":{"start":{"line":98,"column":4},"end":{"line":103,"column":5}},"20":{"start":{"line":99,"column":21},"end":{"line":99,"column":89}},"21":{"start":{"line":100,"column":6},"end":{"line":100,"column":62}},"22":{"start":{"line":102,"column":6},"end":{"line":102,"column":62}},"23":{"start":{"line":107,"column":0},"end":{"line":107,"column":38}}},"fnMap":{"0":{"name":"(anonymous_0)","decl":{"start":{"line":5,"column":2},"end":{"line":5,"column":3}},"loc":{"start":{"line":5,"column":18},"end":{"line":8,"column":3}},"line":5},"1":{"name":"(anonymous_1)","decl":{"start":{"line":7,"column":27},"end":{"line":7,"column":28}},"loc":{"start":{"line":7,"column":34},"end":{"line":7,"column":47}},"line":7},"2":{"name":"(anonymous_2)","decl":{"start":{"line":10,"column":2},"end":{"line":10,"column":3}},"loc":{"start":{"line":10,"column":21},"end":{"line":13,"column":3}},"line":10},"3":{"name":"(anonymous_3)","decl":{"start":{"line":15,"column":2},"end":{"line":15,"column":3}},"loc":{"start":{"line":15,"column":44},"end":{"line":18,"column":3}},"line":15},"4":{"name":"(anonymous_4)","decl":{"start":{"line":20,"column":2},"end":{"line":20,"column":3}},"loc":{"start":{"line":20,"column":21},"end":{"line":56,"column":3}},"line":20},"5":{"name":"(anonymous_5)","decl":{"start":{"line":58,"column":2},"end":{"line":58,"column":3}},"loc":{"start":{"line":58,"column":25},"end":{"line":95,"column":3}},"line":58},"6":{"name":"(anonymous_6)","decl":{"start":{"line":97,"column":2},"end":{"line":97,"column":3}},"loc":{"start":{"line":97,"column":19},"end":{"line":104,"column":3}},"line":97}},"branchMap":{"0":{"loc":{"start":{"line":12,"column":11},"end":{"line":12,"column":59}},"type":"cond-expr","locations":[{"start":{"line":12,"column":28},"end":{"line":12,"column":52}},{"start":{"line":12,"column":55},"end":{"line":12,"column":59}}],"line":12},"1":{"loc":{"start":{"line":17,"column":11},"end":{"line":17,"column":59}},"type":"cond-expr","locations":[{"start":{"line":17,"column":28},"end":{"line":17,"column":52}},{"start":{"line":17,"column":55},"end":{"line":17,"column":59}}],"line":17},"2":{"loc":{"start":{"line":91,"column":13},"end":{"line":91,"column":61}},"type":"cond-expr","locations":[{"start":{"line":91,"column":30},"end":{"line":91,"column":54}},{"start":{"line":91,"column":57},"end":{"line":91,"column":61}}],"line":91},"3":{"loc":{"start":{"line":100,"column":13},"end":{"line":100,"column":61}},"type":"cond-expr","locations":[{"start":{"line":100,"column":30},"end":{"line":100,"column":54}},{"start":{"line":100,"column":57},"end":{"line":100,"column":61}}],"line":100}},"s":{"0":2,"1":2,"2":1,"3":1,"4":2,"5":2,"6":2,"7":3,"8":3,"9":2,"10":2,"11":2,"12":1,"13":1,"14":3,"15":3,"16":3,"17":2,"18":1,"19":3,"20":3,"21":2,"22":1,"23":2},"f":{"0":1,"1":2,"2":2,"3":3,"4":2,"5":3,"6":3},"b":{"0":[1,1],"1":[1,2],"2":[1,1],"3":[1,1]},"_coverageSchema":"1a1c01bbd47fc00a2c39e90264f33305004495a9","hash":"3211ab55f4aa180c5fa1e898c08826fef6c8b3b9"}
,"C:\\Users\\Benedito\\Documents\\Visual Studio Code\\TecSim\\backend\\repository\\medicamentoRepository.js": {"path":"C:\\Users\\Benedito\\Documents\\Visual Studio Code\\TecSim\\backend\\repository\\medicamentoRepository.js","statementMap":{"0":{"start":{"line":1,"column":11},"end":{"line":1,"column":30}},"1":{"start":{"line":5,"column":4},"end":{"line":5,"column":36}},"2":{"start":{"line":20,"column":8},"end":{"line":20,"column":58}},"3":{"start":{"line":22,"column":4},"end":{"line":43,"column":5}},"4":{"start":{"line":23,"column":21},"end":{"line":37,"column":8}},"5":{"start":{"line":39,"column":6},"end":{"line":39,"column":28}},"6":{"start":{"line":42,"column":6},"end":{"line":42,"column":16}},"7":{"start":{"line":47,"column":19},"end":{"line":53,"column":6}},"8":{"start":{"line":55,"column":4},"end":{"line":55,"column":65}},"9":{"start":{"line":56,"column":4},"end":{"line":56,"column":23}},"10":{"start":{"line":60,"column":4},"end":{"line":77,"column":5}},"11":{"start":{"line":61,"column":21},"end":{"line":70,"column":29}},"12":{"start":{"line":72,"column":6},"end":{"line":72,"column":76}},"13":{"start":{"line":73,"column":6},"end":{"line":73,"column":25}},"14":{"start":{"line":75,"column":6},"end":{"line":75,"column":58}},"15":{"start":{"line":76,"column":6},"end":{"line":76,"column":16}},"16":{"start":{"line":81,"column":19},"end":{"line":88,"column":12}},"17":{"start":{"line":90,"column":4},"end":{"line":90,"column":63}},"18":{"start":{"line":91,"column":4},"end":{"line":91,"column":26}},"19":{"start":{"line":106,"column":8},"end":{"line":106,"column":58}},"20":{"start":{"line":108,"column":4},"end":{"line":137,"column":5}},"21":{"start":{"line":109,"column":21},"end":{"line":131,"column":8}},"22":{"start":{"line":133,"column":6},"end":{"line":133,"column":61}},"23":{"start":{"line":134,"column":6},"end":{"line":134,"column":28}},"24":{"start":{"line":136,"column":6},"end":{"line":136,"column":71}},"25":{"start":{"line":141,"column":4},"end":{"line":141,"column":53}},"26":{"start":{"line":143,"column":19},"end":{"line":147,"column":12}},"27":{"start":{"line":149,"column":4},"end":{"line":149,"column":50}},"28":{"start":{"line":154,"column":19},"end":{"line":159,"column":21}},"29":{"start":{"line":161,"column":4},"end":{"line":161,"column":23}},"30":{"start":{"line":165,"column":19},"end":{"line":170,"column":14}},"31":{"start":{"line":172,"column":4},"end":{"line":172,"column":23}},"32":{"start":{"line":176,"column":19},"end":{"line":183,"column":15}},"33":{"start":{"line":185,"column":4},"end":{"line":185,"column":23}},"34":{"start":{"line":189,"column":19},"end":{"line":194,"column":22}},"35":{"start":{"line":196,"column":4},"end":{"line":196,"column":23}},"36":{"start":{"line":200,"column":0},"end":{"line":200,"column":45}}},"fnMap":{"0":{"name":"(anonymous_0)","decl":{"start":{"line":4,"column":2},"end":{"line":4,"column":3}},"loc":{"start":{"line":4,"column":16},"end":{"line":6,"column":3}},"line":4},"1":{"name":"(anonymous_1)","decl":{"start":{"line":8,"column":2},"end":{"line":8,"column":3}},"loc":{"start":{"line":8,"column":21},"end":{"line":44,"column":3}},"line":8},"2":{"name":"(anonymous_2)","decl":{"start":{"line":46,"column":2},"end":{"line":46,"column":3}},"loc":{"start":{"line":46,"column":18},"end":{"line":57,"column":3}},"line":46},"3":{"name":"(anonymous_3)","decl":{"start":{"line":59,"column":2},"end":{"line":59,"column":3}},"loc":{"start":{"line":59,"column":27},"end":{"line":78,"column":3}},"line":59},"4":{"name":"(anonymous_4)","decl":{"start":{"line":80,"column":2},"end":{"line":80,"column":3}},"loc":{"start":{"line":80,"column":21},"end":{"line":92,"column":3}},"line":80},"5":{"name":"(anonymous_5)","decl":{"start":{"line":94,"column":2},"end":{"line":94,"column":3}},"loc":{"start":{"line":94,"column":25},"end":{"line":138,"column":3}},"line":94},"6":{"name":"(anonymous_6)","decl":{"start":{"line":140,"column":2},"end":{"line":140,"column":3}},"loc":{"start":{"line":140,"column":19},"end":{"line":150,"column":3}},"line":140},"7":{"name":"(anonymous_7)","decl":{"start":{"line":153,"column":2},"end":{"line":153,"column":3}},"loc":{"start":{"line":153,"column":25},"end":{"line":162,"column":3}},"line":153},"8":{"name":"(anonymous_8)","decl":{"start":{"line":164,"column":2},"end":{"line":164,"column":3}},"loc":{"start":{"line":164,"column":25},"end":{"line":173,"column":3}},"line":164},"9":{"name":"(anonymous_9)","decl":{"start":{"line":175,"column":2},"end":{"line":175,"column":3}},"loc":{"start":{"line":175,"column":33},"end":{"line":186,"column":3}},"line":175},"10":{"name":"(anonymous_10)","decl":{"start":{"line":188,"column":2},"end":{"line":188,"column":3}},"loc":{"start":{"line":188,"column":34},"end":{"line":197,"column":3}},"line":188}},"branchMap":{"0":{"loc":{"start":{"line":20,"column":8},"end":{"line":20,"column":58}},"type":"cond-expr","locations":[{"start":{"line":20,"column":35},"end":{"line":20,"column":51}},{"start":{"line":20,"column":54},"end":{"line":20,"column":58}}],"line":20},"1":{"loc":{"start":{"line":106,"column":8},"end":{"line":106,"column":58}},"type":"cond-expr","locations":[{"start":{"line":106,"column":35},"end":{"line":106,"column":51}},{"start":{"line":106,"column":54},"end":{"line":106,"column":58}}],"line":106}},"s":{"0":3,"1":3,"2":3,"3":3,"4":3,"5":2,"6":1,"7":1,"8":1,"9":1,"10":2,"11":2,"12":1,"13":1,"14":1,"15":1,"16":2,"17":1,"18":1,"19":3,"20":3,"21":3,"22":2,"23":2,"24":1,"25":2,"26":2,"27":2,"28":2,"29":1,"30":2,"31":1,"32":2,"33":1,"34":2,"35":1,"36":3},"f":{"0":3,"1":3,"2":1,"3":2,"4":2,"5":3,"6":2,"7":2,"8":2,"9":2,"10":2},"b":{"0":[1,2],"1":[1,2]},"_coverageSchema":"1a1c01bbd47fc00a2c39e90264f33305004495a9","hash":"f03f1d45a3251eb9741b857afefa947c3fc5976c"}
,"C:\\Users\\Benedito\\Documents\\Visual Studio Code\\TecSim\\backend\\repository\\medicamentosPrescritosRepository.js": {"path":"C:\\Users\\Benedito\\Documents\\Visual Studio Code\\TecSim\\backend\\repository\\medicamentosPrescritosRepository.js","statementMap":{"0":{"start":{"line":1,"column":11},"end":{"line":1,"column":30}},"1":{"start":{"line":2,"column":41},"end":{"line":2,"column":67}},"2":{"start":{"line":6,"column":4},"end":{"line":16,"column":5}},"3":{"start":{"line":7,"column":21},"end":{"line":11,"column":8}},"4":{"start":{"line":12,"column":6},"end":{"line":12,"column":25}},"5":{"start":{"line":14,"column":6},"end":{"line":14,"column":68}},"6":{"start":{"line":15,"column":6},"end":{"line":15,"column":81}},"7":{"start":{"line":20,"column":4},"end":{"line":36,"column":5}},"8":{"start":{"line":21,"column":21},"end":{"line":29,"column":7}},"9":{"start":{"line":30,"column":6},"end":{"line":30,"column":91}},"10":{"start":{"line":30,"column":27},"end":{"line":30,"column":91}},"11":{"start":{"line":31,"column":6},"end":{"line":31,"column":28}},"12":{"start":{"line":33,"column":6},"end":{"line":33,"column":50}},"13":{"start":{"line":33,"column":40},"end":{"line":33,"column":50}},"14":{"start":{"line":34,"column":6},"end":{"line":34,"column":68}},"15":{"start":{"line":35,"column":6},"end":{"line":35,"column":79}},"16":{"start":{"line":40,"column":4},"end":{"line":55,"column":5}},"17":{"start":{"line":41,"column":21},"end":{"line":49,"column":7}},"18":{"start":{"line":50,"column":6},"end":{"line":50,"column":41}},"19":{"start":{"line":50,"column":31},"end":{"line":50,"column":41}},"20":{"start":{"line":51,"column":6},"end":{"line":51,"column":25}},"21":{"start":{"line":53,"column":6},"end":{"line":53,"column":77}},"22":{"start":{"line":54,"column":6},"end":{"line":54,"column":76}},"23":{"start":{"line":59,"column":4},"end":{"line":89,"column":5}},"24":{"start":{"line":60,"column":21},"end":{"line":74,"column":7}},"25":{"start":{"line":77,"column":6},"end":{"line":77,"column":65}},"26":{"start":{"line":78,"column":22},"end":{"line":78,"column":90}},"27":{"start":{"line":79,"column":6},"end":{"line":79,"column":21}},"28":{"start":{"line":81,"column":6},"end":{"line":87,"column":9}},"29":{"start":{"line":88,"column":6},"end":{"line":88,"column":78}},"30":{"start":{"line":93,"column":4},"end":{"line":126,"column":5}},"31":{"start":{"line":94,"column":22},"end":{"line":94,"column":24}},"32":{"start":{"line":95,"column":6},"end":{"line":115,"column":7}},"33":{"start":{"line":96,"column":23},"end":{"line":110,"column":9}},"34":{"start":{"line":113,"column":24},"end":{"line":113,"column":70}},"35":{"start":{"line":114,"column":8},"end":{"line":114,"column":30}},"36":{"start":{"line":116,"column":6},"end":{"line":116,"column":21}},"37":{"start":{"line":118,"column":6},"end":{"line":124,"column":9}},"38":{"start":{"line":125,"column":6},"end":{"line":125,"column":81}},"39":{"start":{"line":130,"column":4},"end":{"line":163,"column":5}},"40":{"start":{"line":131,"column":21},"end":{"line":152,"column":7}},"41":{"start":{"line":154,"column":6},"end":{"line":154,"column":108}},"42":{"start":{"line":154,"column":27},"end":{"line":154,"column":108}},"43":{"start":{"line":157,"column":22},"end":{"line":157,"column":68}},"44":{"start":{"line":158,"column":6},"end":{"line":158,"column":21}},"45":{"start":{"line":160,"column":6},"end":{"line":160,"column":50}},"46":{"start":{"line":160,"column":40},"end":{"line":160,"column":50}},"47":{"start":{"line":161,"column":6},"end":{"line":161,"column":64}},"48":{"start":{"line":162,"column":6},"end":{"line":162,"column":73}},"49":{"start":{"line":167,"column":4},"end":{"line":178,"column":5}},"50":{"start":{"line":168,"column":21},"end":{"line":171,"column":7}},"51":{"start":{"line":172,"column":6},"end":{"line":172,"column":104}},"52":{"start":{"line":172,"column":27},"end":{"line":172,"column":104}},"53":{"start":{"line":173,"column":6},"end":{"line":173,"column":28}},"54":{"start":{"line":175,"column":6},"end":{"line":175,"column":50}},"55":{"start":{"line":175,"column":40},"end":{"line":175,"column":50}},"56":{"start":{"line":176,"column":6},"end":{"line":176,"column":62}},"57":{"start":{"line":177,"column":6},"end":{"line":177,"column":71}},"58":{"start":{"line":182,"column":0},"end":{"line":182,"column":54}}},"fnMap":{"0":{"name":"(anonymous_0)","decl":{"start":{"line":5,"column":2},"end":{"line":5,"column":3}},"loc":{"start":{"line":5,"column":29},"end":{"line":17,"column":3}},"line":5},"1":{"name":"(anonymous_1)","decl":{"start":{"line":19,"column":2},"end":{"line":19,"column":3}},"loc":{"start":{"line":19,"column":34},"end":{"line":37,"column":3}},"line":19},"2":{"name":"(anonymous_2)","decl":{"start":{"line":39,"column":2},"end":{"line":39,"column":3}},"loc":{"start":{"line":39,"column":55},"end":{"line":56,"column":3}},"line":39},"3":{"name":"(anonymous_3)","decl":{"start":{"line":58,"column":2},"end":{"line":58,"column":3}},"loc":{"start":{"line":58,"column":34},"end":{"line":90,"column":3}},"line":58},"4":{"name":"(anonymous_4)","decl":{"start":{"line":92,"column":2},"end":{"line":92,"column":3}},"loc":{"start":{"line":92,"column":46},"end":{"line":127,"column":3}},"line":92},"5":{"name":"(anonymous_5)","decl":{"start":{"line":129,"column":2},"end":{"line":129,"column":3}},"loc":{"start":{"line":129,"column":38},"end":{"line":164,"column":3}},"line":129},"6":{"name":"(anonymous_6)","decl":{"start":{"line":166,"column":2},"end":{"line":166,"column":3}},"loc":{"start":{"line":166,"column":32},"end":{"line":179,"column":3}},"line":166}},"branchMap":{"0":{"loc":{"start":{"line":5,"column":16},"end":{"line":5,"column":27}},"type":"default-arg","locations":[{"start":{"line":5,"column":25},"end":{"line":5,"column":27}}],"line":5},"1":{"loc":{"start":{"line":19,"column":21},"end":{"line":19,"column":32}},"type":"default-arg","locations":[{"start":{"line":19,"column":30},"end":{"line":19,"column":32}}],"line":19},"2":{"loc":{"start":{"line":30,"column":6},"end":{"line":30,"column":91}},"type":"if","locations":[{"start":{"line":30,"column":6},"end":{"line":30,"column":91}},{"start":{},"end":{}}],"line":30},"3":{"loc":{"start":{"line":33,"column":6},"end":{"line":33,"column":50}},"type":"if","locations":[{"start":{"line":33,"column":6},"end":{"line":33,"column":50}},{"start":{},"end":{}}],"line":33},"4":{"loc":{"start":{"line":39,"column":42},"end":{"line":39,"column":53}},"type":"default-arg","locations":[{"start":{"line":39,"column":51},"end":{"line":39,"column":53}}],"line":39},"5":{"loc":{"start":{"line":50,"column":6},"end":{"line":50,"column":41}},"type":"if","locations":[{"start":{"line":50,"column":6},"end":{"line":50,"column":41}},{"start":{},"end":{}}],"line":50},"6":{"loc":{"start":{"line":58,"column":21},"end":{"line":58,"column":32}},"type":"default-arg","locations":[{"start":{"line":58,"column":30},"end":{"line":58,"column":32}}],"line":58},"7":{"loc":{"start":{"line":92,"column":33},"end":{"line":92,"column":44}},"type":"default-arg","locations":[{"start":{"line":92,"column":42},"end":{"line":92,"column":44}}],"line":92},"8":{"loc":{"start":{"line":129,"column":25},"end":{"line":129,"column":36}},"type":"default-arg","locations":[{"start":{"line":129,"column":34},"end":{"line":129,"column":36}}],"line":129},"9":{"loc":{"start":{"line":143,"column":10},"end":{"line":143,"column":36}},"type":"binary-expr","locations":[{"start":{"line":143,"column":10},"end":{"line":143,"column":28}},{"start":{"line":143,"column":32},"end":{"line":143,"column":36}}],"line":143},"10":{"loc":{"start":{"line":144,"column":10},"end":{"line":144,"column":37}},"type":"binary-expr","locations":[{"start":{"line":144,"column":10},"end":{"line":144,"column":29}},{"start":{"line":144,"column":33},"end":{"line":144,"column":37}}],"line":144},"11":{"loc":{"start":{"line":145,"column":10},"end":{"line":145,"column":30}},"type":"binary-expr","locations":[{"start":{"line":145,"column":10},"end":{"line":145,"column":22}},{"start":{"line":145,"column":26},"end":{"line":145,"column":30}}],"line":145},"12":{"loc":{"start":{"line":146,"column":10},"end":{"line":146,"column":33}},"type":"binary-expr","locations":[{"start":{"line":146,"column":10},"end":{"line":146,"column":25}},{"start":{"line":146,"column":29},"end":{"line":146,"column":33}}],"line":146},"13":{"loc":{"start":{"line":147,"column":10},"end":{"line":147,"column":35}},"type":"binary-expr","locations":[{"start":{"line":147,"column":10},"end":{"line":147,"column":27}},{"start":{"line":147,"column":31},"end":{"line":147,"column":35}}],"line":147},"14":{"loc":{"start":{"line":148,"column":10},"end":{"line":148,"column":31}},"type":"binary-expr","locations":[{"start":{"line":148,"column":10},"end":{"line":148,"column":23}},{"start":{"line":148,"column":27},"end":{"line":148,"column":31}}],"line":148},"15":{"loc":{"start":{"line":149,"column":10},"end":{"line":149,"column":26}},"type":"binary-expr","locations":[{"start":{"line":149,"column":10},"end":{"line":149,"column":18}},{"start":{"line":149,"column":22},"end":{"line":149,"column":26}}],"line":149},"16":{"loc":{"start":{"line":154,"column":6},"end":{"line":154,"column":108}},"type":"if","locations":[{"start":{"line":154,"column":6},"end":{"line":154,"column":108}},{"start":{},"end":{}}],"line":154},"17":{"loc":{"start":{"line":160,"column":6},"end":{"line":160,"column":50}},"type":"if","locations":[{"start":{"line":160,"column":6},"end":{"line":160,"column":50}},{"start":{},"end":{}}],"line":160},"18":{"loc":{"start":{"line":166,"column":19},"end":{"line":166,"column":30}},"type":"default-arg","locations":[{"start":{"line":166,"column":28},"end":{"line":166,"column":30}}],"line":166},"19":{"loc":{"start":{"line":172,"column":6},"end":{"line":172,"column":104}},"type":"if","locations":[{"start":{"line":172,"column":6},"end":{"line":172,"column":104}},{"start":{},"end":{}}],"line":172},"20":{"loc":{"start":{"line":175,"column":6},"end":{"line":175,"column":50}},"type":"if","locations":[{"start":{"line":175,"column":6},"end":{"line":175,"column":50}},{"start":{},"end":{}}],"line":175}},"s":{"0":2,"1":2,"2":2,"3":2,"4":1,"5":1,"6":1,"7":7,"8":7,"9":6,"10":1,"11":5,"12":2,"13":1,"14":1,"15":1,"16":3,"17":3,"18":2,"19":1,"20":1,"21":1,"22":1,"23":2,"24":2,"25":1,"26":1,"27":1,"28":1,"29":1,"30":2,"31":2,"32":2,"33":3,"34":2,"35":2,"36":1,"37":1,"38":1,"39":3,"40":3,"41":2,"42":1,"43":1,"44":1,"45":2,"46":1,"47":1,"48":1,"49":3,"50":3,"51":2,"52":1,"53":1,"54":2,"55":1,"56":1,"57":1,"58":2},"f":{"0":2,"1":7,"2":3,"3":2,"4":2,"5":3,"6":3},"b":{"0":[2],"1":[3],"2":[1,5],"3":[1,1],"4":[3],"5":[1,1],"6":[2],"7":[2],"8":[3],"9":[3,3],"10":[3,3],"11":[3,2],"12":[3,3],"13":[3,3],"14":[3,3],"15":[3,3],"16":[1,1],"17":[1,1],"18":[3],"19":[1,1],"20":[1,1]},"_coverageSchema":"1a1c01bbd47fc00a2c39e90264f33305004495a9","hash":"c491938963a96263ad7dfd218c70626c9335451f"}
,"C:\\Users\\Benedito\\Documents\\Visual Studio Code\\TecSim\\backend\\repository\\medicoRepository.js": {"path":"C:\\Users\\Benedito\\Documents\\Visual Studio Code\\TecSim\\backend\\repository\\medicoRepository.js","statementMap":{"0":{"start":{"line":1,"column":11},"end":{"line":1,"column":30}},"1":{"start":{"line":2,"column":15},"end":{"line":2,"column":32}},"2":{"start":{"line":3,"column":15},"end":{"line":3,"column":47}},"3":{"start":{"line":5,"column":20},"end":{"line":5,"column":22}},"4":{"start":{"line":9,"column":18},"end":{"line":11,"column":101}},"5":{"start":{"line":13,"column":19},"end":{"line":13,"column":40}},"6":{"start":{"line":14,"column":4},"end":{"line":14,"column":51}},"7":{"start":{"line":14,"column":34},"end":{"line":14,"column":49}},"8":{"start":{"line":18,"column":18},"end":{"line":20,"column":113}},"9":{"start":{"line":22,"column":19},"end":{"line":22,"column":46}},"10":{"start":{"line":23,"column":4},"end":{"line":23,"column":62}},"11":{"start":{"line":27,"column":18},"end":{"line":29,"column":65}},"12":{"start":{"line":31,"column":19},"end":{"line":31,"column":49}},"13":{"start":{"line":32,"column":4},"end":{"line":32,"column":62}},"14":{"start":{"line":37,"column":18},"end":{"line":39,"column":63}},"15":{"start":{"line":41,"column":19},"end":{"line":41,"column":47}},"16":{"start":{"line":44,"column":4},"end":{"line":44,"column":62}},"17":{"start":{"line":44,"column":50},"end":{"line":44,"column":62}},"18":{"start":{"line":46,"column":4},"end":{"line":46,"column":38}},"19":{"start":{"line":51,"column":22},"end":{"line":51,"column":53}},"20":{"start":{"line":52,"column":4},"end":{"line":52,"column":56}},"21":{"start":{"line":52,"column":19},"end":{"line":52,"column":56}},"22":{"start":{"line":55,"column":24},"end":{"line":55,"column":59}},"23":{"start":{"line":56,"column":4},"end":{"line":56,"column":60}},"24":{"start":{"line":56,"column":21},"end":{"line":56,"column":60}},"25":{"start":{"line":58,"column":22},"end":{"line":58,"column":59}},"26":{"start":{"line":60,"column":19},"end":{"line":65,"column":62}},"27":{"start":{"line":67,"column":4},"end":{"line":67,"column":38}},"28":{"start":{"line":72,"column":28},"end":{"line":72,"column":57}},"29":{"start":{"line":73,"column":4},"end":{"line":73,"column":67}},"30":{"start":{"line":73,"column":26},"end":{"line":73,"column":67}},"31":{"start":{"line":76,"column":4},"end":{"line":81,"column":5}},"32":{"start":{"line":77,"column":27},"end":{"line":77,"column":58}},"33":{"start":{"line":78,"column":6},"end":{"line":80,"column":7}},"34":{"start":{"line":79,"column":8},"end":{"line":79,"column":63}},"35":{"start":{"line":83,"column":19},"end":{"line":101,"column":6}},"36":{"start":{"line":103,"column":4},"end":{"line":105,"column":5}},"37":{"start":{"line":104,"column":6},"end":{"line":104,"column":47}},"38":{"start":{"line":107,"column":4},"end":{"line":107,"column":38}},"39":{"start":{"line":111,"column":19},"end":{"line":111,"column":89}},"40":{"start":{"line":112,"column":4},"end":{"line":112,"column":66}},"41":{"start":{"line":112,"column":25},"end":{"line":112,"column":66}},"42":{"start":{"line":113,"column":4},"end":{"line":113,"column":65}},"43":{"start":{"line":113,"column":31},"end":{"line":113,"column":65}},"44":{"start":{"line":115,"column":23},"end":{"line":115,"column":77}},"45":{"start":{"line":116,"column":4},"end":{"line":116,"column":62}},"46":{"start":{"line":116,"column":21},"end":{"line":116,"column":62}},"47":{"start":{"line":118,"column":4},"end":{"line":118,"column":100}},"48":{"start":{"line":118,"column":34},"end":{"line":118,"column":100}},"49":{"start":{"line":120,"column":26},"end":{"line":120,"column":67}},"50":{"start":{"line":122,"column":19},"end":{"line":126,"column":27}},"51":{"start":{"line":128,"column":4},"end":{"line":128,"column":38}},"52":{"start":{"line":132,"column":19},"end":{"line":132,"column":54}},"53":{"start":{"line":133,"column":4},"end":{"line":133,"column":58}},"54":{"start":{"line":133,"column":17},"end":{"line":133,"column":58}},"55":{"start":{"line":134,"column":4},"end":{"line":134,"column":57}},"56":{"start":{"line":134,"column":23},"end":{"line":134,"column":57}},"57":{"start":{"line":136,"column":23},"end":{"line":136,"column":64}},"58":{"start":{"line":137,"column":4},"end":{"line":137,"column":62}},"59":{"start":{"line":137,"column":21},"end":{"line":137,"column":62}},"60":{"start":{"line":139,"column":4},"end":{"line":147,"column":7}},"61":{"start":{"line":151,"column":19},"end":{"line":155,"column":12}},"62":{"start":{"line":156,"column":4},"end":{"line":156,"column":62}},"63":{"start":{"line":160,"column":19},"end":{"line":165,"column":12}},"64":{"start":{"line":167,"column":4},"end":{"line":167,"column":62}},"65":{"start":{"line":171,"column":19},"end":{"line":176,"column":12}},"66":{"start":{"line":178,"column":4},"end":{"line":178,"column":62}},"67":{"start":{"line":182,"column":0},"end":{"line":182,"column":40}}},"fnMap":{"0":{"name":"(anonymous_0)","decl":{"start":{"line":8,"column":2},"end":{"line":8,"column":3}},"loc":{"start":{"line":8,"column":41},"end":{"line":15,"column":3}},"line":8},"1":{"name":"(anonymous_1)","decl":{"start":{"line":14,"column":27},"end":{"line":14,"column":28}},"loc":{"start":{"line":14,"column":34},"end":{"line":14,"column":49}},"line":14},"2":{"name":"(anonymous_2)","decl":{"start":{"line":17,"column":2},"end":{"line":17,"column":3}},"loc":{"start":{"line":17,"column":46},"end":{"line":24,"column":3}},"line":17},"3":{"name":"(anonymous_3)","decl":{"start":{"line":26,"column":2},"end":{"line":26,"column":3}},"loc":{"start":{"line":26,"column":52},"end":{"line":33,"column":3}},"line":26},"4":{"name":"(anonymous_4)","decl":{"start":{"line":35,"column":2},"end":{"line":35,"column":3}},"loc":{"start":{"line":35,"column":48},"end":{"line":47,"column":3}},"line":35},"5":{"name":"(anonymous_5)","decl":{"start":{"line":49,"column":2},"end":{"line":49,"column":3}},"loc":{"start":{"line":49,"column":69},"end":{"line":68,"column":3}},"line":49},"6":{"name":"(anonymous_6)","decl":{"start":{"line":70,"column":2},"end":{"line":70,"column":3}},"loc":{"start":{"line":70,"column":73},"end":{"line":108,"column":3}},"line":70},"7":{"name":"(anonymous_7)","decl":{"start":{"line":110,"column":2},"end":{"line":110,"column":3}},"loc":{"start":{"line":110,"column":50},"end":{"line":129,"column":3}},"line":110},"8":{"name":"(anonymous_8)","decl":{"start":{"line":131,"column":2},"end":{"line":131,"column":3}},"loc":{"start":{"line":131,"column":40},"end":{"line":148,"column":3}},"line":131},"9":{"name":"(anonymous_9)","decl":{"start":{"line":150,"column":2},"end":{"line":150,"column":3}},"loc":{"start":{"line":150,"column":19},"end":{"line":157,"column":3}},"line":150},"10":{"name":"(anonymous_10)","decl":{"start":{"line":159,"column":2},"end":{"line":159,"column":3}},"loc":{"start":{"line":159,"column":23},"end":{"line":168,"column":3}},"line":159},"11":{"name":"(anonymous_11)","decl":{"start":{"line":170,"column":2},"end":{"line":170,"column":3}},"loc":{"start":{"line":170,"column":21},"end":{"line":179,"column":3}},"line":170}},"branchMap":{"0":{"loc":{"start":{"line":8,"column":16},"end":{"line":8,"column":39}},"type":"default-arg","locations":[{"start":{"line":8,"column":34},"end":{"line":8,"column":39}}],"line":8},"1":{"loc":{"start":{"line":9,"column":18},"end":{"line":11,"column":101}},"type":"cond-expr","locations":[{"start":{"line":10,"column":8},"end":{"line":10,"column":82}},{"start":{"line":11,"column":8},"end":{"line":11,"column":101}}],"line":9},"2":{"loc":{"start":{"line":17,"column":21},"end":{"line":17,"column":44}},"type":"default-arg","locations":[{"start":{"line":17,"column":39},"end":{"line":17,"column":44}}],"line":17},"3":{"loc":{"start":{"line":18,"column":18},"end":{"line":20,"column":113}},"type":"cond-expr","locations":[{"start":{"line":19,"column":8},"end":{"line":19,"column":96}},{"start":{"line":20,"column":8},"end":{"line":20,"column":113}}],"line":18},"4":{"loc":{"start":{"line":23,"column":11},"end":{"line":23,"column":61}},"type":"cond-expr","locations":[{"start":{"line":23,"column":28},"end":{"line":23,"column":54}},{"start":{"line":23,"column":57},"end":{"line":23,"column":61}}],"line":23},"5":{"loc":{"start":{"line":26,"column":27},"end":{"line":26,"column":50}},"type":"default-arg","locations":[{"start":{"line":26,"column":45},"end":{"line":26,"column":50}}],"line":26},"6":{"loc":{"start":{"line":27,"column":18},"end":{"line":29,"column":65}},"type":"cond-expr","locations":[{"start":{"line":28,"column":8},"end":{"line":28,"column":48}},{"start":{"line":29,"column":8},"end":{"line":29,"column":65}}],"line":27},"7":{"loc":{"start":{"line":32,"column":11},"end":{"line":32,"column":61}},"type":"cond-expr","locations":[{"start":{"line":32,"column":28},"end":{"line":32,"column":54}},{"start":{"line":32,"column":57},"end":{"line":32,"column":61}}],"line":32},"8":{"loc":{"start":{"line":35,"column":23},"end":{"line":35,"column":46}},"type":"default-arg","locations":[{"start":{"line":35,"column":41},"end":{"line":35,"column":46}}],"line":35},"9":{"loc":{"start":{"line":37,"column":18},"end":{"line":39,"column":63}},"type":"cond-expr","locations":[{"start":{"line":38,"column":8},"end":{"line":38,"column":46}},{"start":{"line":39,"column":8},"end":{"line":39,"column":63}}],"line":37},"10":{"loc":{"start":{"line":44,"column":4},"end":{"line":44,"column":62}},"type":"if","locations":[{"start":{"line":44,"column":4},"end":{"line":44,"column":62}},{"start":{},"end":{}}],"line":44},"11":{"loc":{"start":{"line":44,"column":8},"end":{"line":44,"column":48}},"type":"binary-expr","locations":[{"start":{"line":44,"column":8},"end":{"line":44,"column":20}},{"start":{"line":44,"column":24},"end":{"line":44,"column":48}}],"line":44},"12":{"loc":{"start":{"line":52,"column":4},"end":{"line":52,"column":56}},"type":"if","locations":[{"start":{"line":52,"column":4},"end":{"line":52,"column":56}},{"start":{},"end":{}}],"line":52},"13":{"loc":{"start":{"line":56,"column":4},"end":{"line":56,"column":60}},"type":"if","locations":[{"start":{"line":56,"column":4},"end":{"line":56,"column":60}},{"start":{},"end":{}}],"line":56},"14":{"loc":{"start":{"line":73,"column":4},"end":{"line":73,"column":67}},"type":"if","locations":[{"start":{"line":73,"column":4},"end":{"line":73,"column":67}},{"start":{},"end":{}}],"line":73},"15":{"loc":{"start":{"line":76,"column":4},"end":{"line":81,"column":5}},"type":"if","locations":[{"start":{"line":76,"column":4},"end":{"line":81,"column":5}},{"start":{},"end":{}}],"line":76},"16":{"loc":{"start":{"line":78,"column":6},"end":{"line":80,"column":7}},"type":"if","locations":[{"start":{"line":78,"column":6},"end":{"line":80,"column":7}},{"start":{},"end":{}}],"line":78},"17":{"loc":{"start":{"line":78,"column":10},"end":{"line":78,"column":48}},"type":"binary-expr","locations":[{"start":{"line":78,"column":10},"end":{"line":78,"column":22}},{"start":{"line":78,"column":26},"end":{"line":78,"column":48}}],"line":78},"18":{"loc":{"start":{"line":94,"column":6},"end":{"line":94,"column":34}},"type":"binary-expr","locations":[{"start":{"line":94,"column":6},"end":{"line":94,"column":10}},{"start":{"line":94,"column":14},"end":{"line":94,"column":34}}],"line":94},"19":{"loc":{"start":{"line":95,"column":6},"end":{"line":95,"column":32}},"type":"binary-expr","locations":[{"start":{"line":95,"column":6},"end":{"line":95,"column":9}},{"start":{"line":95,"column":13},"end":{"line":95,"column":32}}],"line":95},"20":{"loc":{"start":{"line":96,"column":6},"end":{"line":96,"column":52}},"type":"binary-expr","locations":[{"start":{"line":96,"column":6},"end":{"line":96,"column":19}},{"start":{"line":96,"column":23},"end":{"line":96,"column":52}}],"line":96},"21":{"loc":{"start":{"line":97,"column":6},"end":{"line":97,"column":36}},"type":"binary-expr","locations":[{"start":{"line":97,"column":6},"end":{"line":97,"column":11}},{"start":{"line":97,"column":15},"end":{"line":97,"column":36}}],"line":97},"22":{"loc":{"start":{"line":98,"column":6},"end":{"line":98,"column":42}},"type":"binary-expr","locations":[{"start":{"line":98,"column":6},"end":{"line":98,"column":14}},{"start":{"line":98,"column":18},"end":{"line":98,"column":42}}],"line":98},"23":{"loc":{"start":{"line":99,"column":6},"end":{"line":99,"column":57}},"type":"cond-expr","locations":[{"start":{"line":99,"column":28},"end":{"line":99,"column":33}},{"start":{"line":99,"column":36},"end":{"line":99,"column":57}}],"line":99},"24":{"loc":{"start":{"line":103,"column":4},"end":{"line":105,"column":5}},"type":"if","locations":[{"start":{"line":103,"column":4},"end":{"line":105,"column":5}},{"start":{},"end":{}}],"line":103},"25":{"loc":{"start":{"line":112,"column":4},"end":{"line":112,"column":66}},"type":"if","locations":[{"start":{"line":112,"column":4},"end":{"line":112,"column":66}},{"start":{},"end":{}}],"line":112},"26":{"loc":{"start":{"line":113,"column":4},"end":{"line":113,"column":65}},"type":"if","locations":[{"start":{"line":113,"column":4},"end":{"line":113,"column":65}},{"start":{},"end":{}}],"line":113},"27":{"loc":{"start":{"line":116,"column":4},"end":{"line":116,"column":62}},"type":"if","locations":[{"start":{"line":116,"column":4},"end":{"line":116,"column":62}},{"start":{},"end":{}}],"line":116},"28":{"loc":{"start":{"line":118,"column":4},"end":{"line":118,"column":100}},"type":"if","locations":[{"start":{"line":118,"column":4},"end":{"line":118,"column":100}},{"start":{},"end":{}}],"line":118},"29":{"loc":{"start":{"line":133,"column":4},"end":{"line":133,"column":58}},"type":"if","locations":[{"start":{"line":133,"column":4},"end":{"line":133,"column":58}},{"start":{},"end":{}}],"line":133},"30":{"loc":{"start":{"line":134,"column":4},"end":{"line":134,"column":57}},"type":"if","locations":[{"start":{"line":134,"column":4},"end":{"line":134,"column":57}},{"start":{},"end":{}}],"line":134},"31":{"loc":{"start":{"line":137,"column":4},"end":{"line":137,"column":62}},"type":"if","locations":[{"start":{"line":137,"column":4},"end":{"line":137,"column":62}},{"start":{},"end":{}}],"line":137},"32":{"loc":{"start":{"line":156,"column":11},"end":{"line":156,"column":61}},"type":"cond-expr","locations":[{"start":{"line":156,"column":28},"end":{"line":156,"column":54}},{"start":{"line":156,"column":57},"end":{"line":156,"column":61}}],"line":156},"33":{"loc":{"start":{"line":167,"column":11},"end":{"line":167,"column":61}},"type":"cond-expr","locations":[{"start":{"line":167,"column":28},"end":{"line":167,"column":54}},{"start":{"line":167,"column":57},"end":{"line":167,"column":61}}],"line":167},"34":{"loc":{"start":{"line":178,"column":11},"end":{"line":178,"column":61}},"type":"cond-expr","locations":[{"start":{"line":178,"column":28},"end":{"line":178,"column":54}},{"start":{"line":178,"column":57},"end":{"line":178,"column":61}}],"line":178}},"s":{"0":2,"1":2,"2":2,"3":2,"4":2,"5":2,"6":2,"7":3,"8":6,"9":6,"10":6,"11":8,"12":8,"13":8,"14":7,"15":7,"16":7,"17":3,"18":4,"19":3,"20":3,"21":1,"22":2,"23":2,"24":1,"25":1,"26":1,"27":1,"28":3,"29":3,"30":1,"31":2,"32":1,"33":1,"34":1,"35":1,"36":1,"37":0,"38":1,"39":5,"40":5,"41":1,"42":4,"43":1,"44":3,"45":3,"46":1,"47":2,"48":1,"49":1,"50":1,"51":1,"52":4,"53":4,"54":1,"55":3,"56":1,"57":2,"58":2,"59":1,"60":1,"61":2,"62":2,"63":2,"64":2,"65":2,"66":2,"67":2},"f":{"0":2,"1":3,"2":6,"3":8,"4":7,"5":3,"6":3,"7":5,"8":4,"9":2,"10":2,"11":2},"b":{"0":[1],"1":[1,1],"2":[2],"3":[4,2],"4":[4,2],"5":[1],"6":[7,1],"7":[6,2],"8":[2],"9":[5,2],"10":[3,4],"11":[7,7],"12":[1,2],"13":[1,1],"14":[1,2],"15":[1,1],"16":[1,0],"17":[1,1],"18":[1,0],"19":[1,1],"20":[1,1],"21":[1,1],"22":[1,1],"23":[0,1],"24":[0,1],"25":[1,4],"26":[1,3],"27":[1,2],"28":[1,1],"29":[1,3],"30":[1,2],"31":[1,1],"32":[1,1],"33":[1,1],"34":[1,1]},"_coverageSchema":"1a1c01bbd47fc00a2c39e90264f33305004495a9","hash":"ad896e82fec05a2de9e656cb49d87bced028face"}
,"C:\\Users\\Benedito\\Documents\\Visual Studio Code\\TecSim\\backend\\repository\\pacientesRepository.js": {"path":"C:\\Users\\Benedito\\Documents\\Visual Studio Code\\TecSim\\backend\\repository\\pacientesRepository.js","statementMap":{"0":{"start":{"line":1,"column":11},"end":{"line":1,"column":30}},"1":{"start":{"line":2,"column":15},"end":{"line":2,"column":32}},"2":{"start":{"line":3,"column":17},"end":{"line":3,"column":51}},"3":{"start":{"line":5,"column":20},"end":{"line":5,"column":22}},"4":{"start":{"line":9,"column":19},"end":{"line":12,"column":6}},"5":{"start":{"line":13,"column":4},"end":{"line":13,"column":53}},"6":{"start":{"line":13,"column":34},"end":{"line":13,"column":51}},"7":{"start":{"line":17,"column":19},"end":{"line":20,"column":12}},"8":{"start":{"line":22,"column":4},"end":{"line":22,"column":64}},"9":{"start":{"line":26,"column":19},"end":{"line":28,"column":43}},"10":{"start":{"line":29,"column":4},"end":{"line":29,"column":64}},"11":{"start":{"line":33,"column":19},"end":{"line":35,"column":47}},"12":{"start":{"line":36,"column":4},"end":{"line":36,"column":64}},"13":{"start":{"line":40,"column":22},"end":{"line":40,"column":59}},"14":{"start":{"line":42,"column":19},"end":{"line":47,"column":119}},"15":{"start":{"line":49,"column":4},"end":{"line":49,"column":40}},"16":{"start":{"line":53,"column":4},"end":{"line":53,"column":88}},"17":{"start":{"line":57,"column":19},"end":{"line":63,"column":92}},"18":{"start":{"line":65,"column":4},"end":{"line":65,"column":64}},"19":{"start":{"line":69,"column":21},"end":{"line":69,"column":85}},"20":{"start":{"line":70,"column":4},"end":{"line":74,"column":5}},"21":{"start":{"line":71,"column":20},"end":{"line":71,"column":57}},"22":{"start":{"line":72,"column":6},"end":{"line":72,"column":23}},"23":{"start":{"line":73,"column":6},"end":{"line":73,"column":18}},"24":{"start":{"line":76,"column":23},"end":{"line":76,"column":79}},"25":{"start":{"line":77,"column":4},"end":{"line":81,"column":5}},"26":{"start":{"line":78,"column":20},"end":{"line":78,"column":55}},"27":{"start":{"line":79,"column":6},"end":{"line":79,"column":23}},"28":{"start":{"line":80,"column":6},"end":{"line":80,"column":18}},"29":{"start":{"line":83,"column":4},"end":{"line":87,"column":5}},"30":{"start":{"line":84,"column":20},"end":{"line":84,"column":80}},"31":{"start":{"line":85,"column":6},"end":{"line":85,"column":23}},"32":{"start":{"line":86,"column":6},"end":{"line":86,"column":18}},"33":{"start":{"line":89,"column":26},"end":{"line":89,"column":67}},"34":{"start":{"line":91,"column":19},"end":{"line":95,"column":27}},"35":{"start":{"line":97,"column":4},"end":{"line":97,"column":40}},"36":{"start":{"line":101,"column":20},"end":{"line":101,"column":49}},"37":{"start":{"line":102,"column":4},"end":{"line":106,"column":5}},"38":{"start":{"line":103,"column":20},"end":{"line":103,"column":54}},"39":{"start":{"line":104,"column":6},"end":{"line":104,"column":23}},"40":{"start":{"line":105,"column":6},"end":{"line":105,"column":18}},"41":{"start":{"line":108,"column":23},"end":{"line":108,"column":65}},"42":{"start":{"line":109,"column":4},"end":{"line":113,"column":5}},"43":{"start":{"line":110,"column":20},"end":{"line":110,"column":54}},"44":{"start":{"line":111,"column":6},"end":{"line":111,"column":23}},"45":{"start":{"line":112,"column":6},"end":{"line":112,"column":18}},"46":{"start":{"line":115,"column":4},"end":{"line":119,"column":5}},"47":{"start":{"line":116,"column":20},"end":{"line":116,"column":49}},"48":{"start":{"line":117,"column":6},"end":{"line":117,"column":23}},"49":{"start":{"line":118,"column":6},"end":{"line":118,"column":18}},"50":{"start":{"line":121,"column":4},"end":{"line":135,"column":7}},"51":{"start":{"line":139,"column":19},"end":{"line":142,"column":5}},"52":{"start":{"line":143,"column":4},"end":{"line":143,"column":64}},"53":{"start":{"line":147,"column":19},"end":{"line":150,"column":5}},"54":{"start":{"line":151,"column":4},"end":{"line":151,"column":64}},"55":{"start":{"line":155,"column":19},"end":{"line":159,"column":12}},"56":{"start":{"line":160,"column":4},"end":{"line":160,"column":64}},"57":{"start":{"line":164,"column":0},"end":{"line":164,"column":42}}},"fnMap":{"0":{"name":"(anonymous_0)","decl":{"start":{"line":8,"column":2},"end":{"line":8,"column":3}},"loc":{"start":{"line":8,"column":18},"end":{"line":14,"column":3}},"line":8},"1":{"name":"(anonymous_1)","decl":{"start":{"line":13,"column":27},"end":{"line":13,"column":28}},"loc":{"start":{"line":13,"column":34},"end":{"line":13,"column":51}},"line":13},"2":{"name":"(anonymous_2)","decl":{"start":{"line":16,"column":2},"end":{"line":16,"column":3}},"loc":{"start":{"line":16,"column":21},"end":{"line":23,"column":3}},"line":16},"3":{"name":"(anonymous_3)","decl":{"start":{"line":25,"column":2},"end":{"line":25,"column":3}},"loc":{"start":{"line":25,"column":23},"end":{"line":30,"column":3}},"line":25},"4":{"name":"(anonymous_4)","decl":{"start":{"line":32,"column":2},"end":{"line":32,"column":3}},"loc":{"start":{"line":32,"column":27},"end":{"line":37,"column":3}},"line":32},"5":{"name":"(anonymous_5)","decl":{"start":{"line":39,"column":2},"end":{"line":39,"column":3}},"loc":{"start":{"line":39,"column":126},"end":{"line":50,"column":3}},"line":39},"6":{"name":"(anonymous_6)","decl":{"start":{"line":52,"column":2},"end":{"line":52,"column":3}},"loc":{"start":{"line":52,"column":35},"end":{"line":54,"column":3}},"line":52},"7":{"name":"(anonymous_7)","decl":{"start":{"line":56,"column":2},"end":{"line":56,"column":3}},"loc":{"start":{"line":56,"column":103},"end":{"line":66,"column":3}},"line":56},"8":{"name":"(anonymous_8)","decl":{"start":{"line":68,"column":2},"end":{"line":68,"column":3}},"loc":{"start":{"line":68,"column":50},"end":{"line":98,"column":3}},"line":68},"9":{"name":"(anonymous_9)","decl":{"start":{"line":100,"column":2},"end":{"line":100,"column":3}},"loc":{"start":{"line":100,"column":40},"end":{"line":136,"column":3}},"line":100},"10":{"name":"(anonymous_10)","decl":{"start":{"line":138,"column":2},"end":{"line":138,"column":3}},"loc":{"start":{"line":138,"column":22},"end":{"line":144,"column":3}},"line":138},"11":{"name":"(anonymous_11)","decl":{"start":{"line":146,"column":2},"end":{"line":146,"column":3}},"loc":{"start":{"line":146,"column":21},"end":{"line":152,"column":3}},"line":146},"12":{"name":"(anonymous_12)","decl":{"start":{"line":154,"column":2},"end":{"line":154,"column":3}},"loc":{"start":{"line":154,"column":19},"end":{"line":161,"column":3}},"line":154}},"branchMap":{"0":{"loc":{"start":{"line":22,"column":11},"end":{"line":22,"column":63}},"type":"cond-expr","locations":[{"start":{"line":22,"column":28},"end":{"line":22,"column":56}},{"start":{"line":22,"column":59},"end":{"line":22,"column":63}}],"line":22},"1":{"loc":{"start":{"line":29,"column":11},"end":{"line":29,"column":63}},"type":"cond-expr","locations":[{"start":{"line":29,"column":28},"end":{"line":29,"column":56}},{"start":{"line":29,"column":59},"end":{"line":29,"column":63}}],"line":29},"2":{"loc":{"start":{"line":36,"column":11},"end":{"line":36,"column":63}},"type":"cond-expr","locations":[{"start":{"line":36,"column":28},"end":{"line":36,"column":56}},{"start":{"line":36,"column":59},"end":{"line":36,"column":63}}],"line":36},"3":{"loc":{"start":{"line":65,"column":11},"end":{"line":65,"column":63}},"type":"cond-expr","locations":[{"start":{"line":65,"column":28},"end":{"line":65,"column":56}},{"start":{"line":65,"column":59},"end":{"line":65,"column":63}}],"line":65},"4":{"loc":{"start":{"line":70,"column":4},"end":{"line":74,"column":5}},"type":"if","locations":[{"start":{"line":70,"column":4},"end":{"line":74,"column":5}},{"start":{},"end":{}}],"line":70},"5":{"loc":{"start":{"line":77,"column":4},"end":{"line":81,"column":5}},"type":"if","locations":[{"start":{"line":77,"column":4},"end":{"line":81,"column":5}},{"start":{},"end":{}}],"line":77},"6":{"loc":{"start":{"line":83,"column":4},"end":{"line":87,"column":5}},"type":"if","locations":[{"start":{"line":83,"column":4},"end":{"line":87,"column":5}},{"start":{},"end":{}}],"line":83},"7":{"loc":{"start":{"line":102,"column":4},"end":{"line":106,"column":5}},"type":"if","locations":[{"start":{"line":102,"column":4},"end":{"line":106,"column":5}},{"start":{},"end":{}}],"line":102},"8":{"loc":{"start":{"line":109,"column":4},"end":{"line":113,"column":5}},"type":"if","locations":[{"start":{"line":109,"column":4},"end":{"line":113,"column":5}},{"start":{},"end":{}}],"line":109},"9":{"loc":{"start":{"line":115,"column":4},"end":{"line":119,"column":5}},"type":"if","locations":[{"start":{"line":115,"column":4},"end":{"line":119,"column":5}},{"start":{},"end":{}}],"line":115},"10":{"loc":{"start":{"line":143,"column":11},"end":{"line":143,"column":63}},"type":"cond-expr","locations":[{"start":{"line":143,"column":28},"end":{"line":143,"column":56}},{"start":{"line":143,"column":59},"end":{"line":143,"column":63}}],"line":143},"11":{"loc":{"start":{"line":151,"column":11},"end":{"line":151,"column":63}},"type":"cond-expr","locations":[{"start":{"line":151,"column":28},"end":{"line":151,"column":56}},{"start":{"line":151,"column":59},"end":{"line":151,"column":63}}],"line":151},"12":{"loc":{"start":{"line":160,"column":11},"end":{"line":160,"column":63}},"type":"cond-expr","locations":[{"start":{"line":160,"column":28},"end":{"line":160,"column":56}},{"start":{"line":160,"column":59},"end":{"line":160,"column":63}}],"line":160}},"s":{"0":2,"1":2,"2":2,"3":2,"4":1,"5":1,"6":1,"7":2,"8":2,"9":1,"10":1,"11":5,"12":5,"13":1,"14":1,"15":1,"16":0,"17":1,"18":1,"19":4,"20":4,"21":1,"22":1,"23":1,"24":3,"25":3,"26":1,"27":1,"28":1,"29":2,"30":1,"31":1,"32":1,"33":1,"34":1,"35":1,"36":4,"37":4,"38":1,"39":1,"40":1,"41":3,"42":3,"43":1,"44":1,"45":1,"46":2,"47":1,"48":1,"49":1,"50":1,"51":1,"52":1,"53":1,"54":1,"55":2,"56":2,"57":2},"f":{"0":1,"1":1,"2":2,"3":1,"4":5,"5":1,"6":0,"7":1,"8":4,"9":4,"10":1,"11":1,"12":2},"b":{"0":[1,1],"1":[1,0],"2":[4,1],"3":[1,0],"4":[1,3],"5":[1,2],"6":[1,1],"7":[1,3],"8":[1,2],"9":[1,1],"10":[1,0],"11":[1,0],"12":[1,1]},"_coverageSchema":"1a1c01bbd47fc00a2c39e90264f33305004495a9","hash":"a45234b6631dee0dcbba48fc9480cccf8b32c392"}
,"C:\\Users\\Benedito\\Documents\\Visual Studio Code\\TecSim\\backend\\repository\\prescricaoRepository.js": {"path":"C:\\Users\\Benedito\\Documents\\Visual Studio Code\\TecSim\\backend\\repository\\prescricaoRepository.js","statementMap":{"0":{"start":{"line":1,"column":11},"end":{"line":1,"column":30}},"1":{"start":{"line":2,"column":19},"end":{"line":2,"column":55}},"2":{"start":{"line":3,"column":41},"end":{"line":3,"column":67}},"3":{"start":{"line":7,"column":4},"end":{"line":7,"column":27}},"4":{"start":{"line":11,"column":4},"end":{"line":16,"column":5}},"5":{"start":{"line":12,"column":21},"end":{"line":12,"column":160}},"6":{"start":{"line":13,"column":6},"end":{"line":13,"column":57}},"7":{"start":{"line":13,"column":36},"end":{"line":13,"column":55}},"8":{"start":{"line":15,"column":6},"end":{"line":15,"column":69}},"9":{"start":{"line":20,"column":4},"end":{"line":30,"column":5}},"10":{"start":{"line":21,"column":21},"end":{"line":24,"column":7}},"11":{"start":{"line":25,"column":6},"end":{"line":25,"column":80}},"12":{"start":{"line":25,"column":27},"end":{"line":25,"column":80}},"13":{"start":{"line":26,"column":6},"end":{"line":26,"column":44}},"14":{"start":{"line":28,"column":6},"end":{"line":28,"column":50}},"15":{"start":{"line":28,"column":40},"end":{"line":28,"column":50}},"16":{"start":{"line":29,"column":6},"end":{"line":29,"column":68}},"17":{"start":{"line":34,"column":4},"end":{"line":44,"column":5}},"18":{"start":{"line":35,"column":21},"end":{"line":38,"column":7}},"19":{"start":{"line":39,"column":6},"end":{"line":39,"column":107}},"20":{"start":{"line":39,"column":31},"end":{"line":39,"column":107}},"21":{"start":{"line":40,"column":6},"end":{"line":40,"column":57}},"22":{"start":{"line":40,"column":36},"end":{"line":40,"column":55}},"23":{"start":{"line":42,"column":6},"end":{"line":42,"column":50}},"24":{"start":{"line":42,"column":40},"end":{"line":42,"column":50}},"25":{"start":{"line":43,"column":6},"end":{"line":43,"column":73}},"26":{"start":{"line":48,"column":4},"end":{"line":58,"column":5}},"27":{"start":{"line":49,"column":21},"end":{"line":52,"column":7}},"28":{"start":{"line":53,"column":6},"end":{"line":53,"column":105}},"29":{"start":{"line":53,"column":31},"end":{"line":53,"column":105}},"30":{"start":{"line":54,"column":6},"end":{"line":54,"column":57}},"31":{"start":{"line":54,"column":36},"end":{"line":54,"column":55}},"32":{"start":{"line":56,"column":6},"end":{"line":56,"column":50}},"33":{"start":{"line":56,"column":40},"end":{"line":56,"column":50}},"34":{"start":{"line":57,"column":6},"end":{"line":57,"column":71}},"35":{"start":{"line":62,"column":4},"end":{"line":84,"column":5}},"36":{"start":{"line":63,"column":21},"end":{"line":75,"column":7}},"37":{"start":{"line":77,"column":6},"end":{"line":81,"column":8}},"38":{"start":{"line":83,"column":6},"end":{"line":83,"column":67}},"39":{"start":{"line":88,"column":4},"end":{"line":112,"column":5}},"40":{"start":{"line":89,"column":21},"end":{"line":106,"column":7}},"41":{"start":{"line":107,"column":6},"end":{"line":107,"column":97}},"42":{"start":{"line":107,"column":27},"end":{"line":107,"column":97}},"43":{"start":{"line":108,"column":6},"end":{"line":108,"column":44}},"44":{"start":{"line":110,"column":6},"end":{"line":110,"column":50}},"45":{"start":{"line":110,"column":40},"end":{"line":110,"column":50}},"46":{"start":{"line":111,"column":6},"end":{"line":111,"column":62}},"47":{"start":{"line":116,"column":4},"end":{"line":126,"column":5}},"48":{"start":{"line":117,"column":21},"end":{"line":120,"column":7}},"49":{"start":{"line":121,"column":6},"end":{"line":121,"column":93}},"50":{"start":{"line":121,"column":27},"end":{"line":121,"column":93}},"51":{"start":{"line":122,"column":6},"end":{"line":122,"column":44}},"52":{"start":{"line":124,"column":6},"end":{"line":124,"column":50}},"53":{"start":{"line":124,"column":40},"end":{"line":124,"column":50}},"54":{"start":{"line":125,"column":6},"end":{"line":125,"column":60}},"55":{"start":{"line":130,"column":0},"end":{"line":130,"column":44}}},"fnMap":{"0":{"name":"(anonymous_0)","decl":{"start":{"line":6,"column":2},"end":{"line":6,"column":3}},"loc":{"start":{"line":6,"column":16},"end":{"line":8,"column":3}},"line":6},"1":{"name":"(anonymous_1)","decl":{"start":{"line":10,"column":2},"end":{"line":10,"column":3}},"loc":{"start":{"line":10,"column":29},"end":{"line":17,"column":3}},"line":10},"2":{"name":"(anonymous_2)","decl":{"start":{"line":13,"column":29},"end":{"line":13,"column":30}},"loc":{"start":{"line":13,"column":36},"end":{"line":13,"column":55}},"line":13},"3":{"name":"(anonymous_3)","decl":{"start":{"line":19,"column":2},"end":{"line":19,"column":3}},"loc":{"start":{"line":19,"column":45},"end":{"line":31,"column":3}},"line":19},"4":{"name":"(anonymous_4)","decl":{"start":{"line":33,"column":2},"end":{"line":33,"column":3}},"loc":{"start":{"line":33,"column":51},"end":{"line":45,"column":3}},"line":33},"5":{"name":"(anonymous_5)","decl":{"start":{"line":40,"column":29},"end":{"line":40,"column":30}},"loc":{"start":{"line":40,"column":36},"end":{"line":40,"column":55}},"line":40},"6":{"name":"(anonymous_6)","decl":{"start":{"line":47,"column":2},"end":{"line":47,"column":3}},"loc":{"start":{"line":47,"column":42},"end":{"line":59,"column":3}},"line":47},"7":{"name":"(anonymous_7)","decl":{"start":{"line":54,"column":29},"end":{"line":54,"column":30}},"loc":{"start":{"line":54,"column":36},"end":{"line":54,"column":55}},"line":54},"8":{"name":"(anonymous_8)","decl":{"start":{"line":61,"column":2},"end":{"line":61,"column":3}},"loc":{"start":{"line":61,"column":34},"end":{"line":85,"column":3}},"line":61},"9":{"name":"(anonymous_9)","decl":{"start":{"line":87,"column":2},"end":{"line":87,"column":3}},"loc":{"start":{"line":87,"column":49},"end":{"line":113,"column":3}},"line":87},"10":{"name":"(anonymous_10)","decl":{"start":{"line":115,"column":2},"end":{"line":115,"column":3}},"loc":{"start":{"line":115,"column":43},"end":{"line":127,"column":3}},"line":115}},"branchMap":{"0":{"loc":{"start":{"line":10,"column":16},"end":{"line":10,"column":27}},"type":"default-arg","locations":[{"start":{"line":10,"column":25},"end":{"line":10,"column":27}}],"line":10},"1":{"loc":{"start":{"line":19,"column":32},"end":{"line":19,"column":43}},"type":"default-arg","locations":[{"start":{"line":19,"column":41},"end":{"line":19,"column":43}}],"line":19},"2":{"loc":{"start":{"line":25,"column":6},"end":{"line":25,"column":80}},"type":"if","locations":[{"start":{"line":25,"column":6},"end":{"line":25,"column":80}},{"start":{},"end":{}}],"line":25},"3":{"loc":{"start":{"line":28,"column":6},"end":{"line":28,"column":50}},"type":"if","locations":[{"start":{"line":28,"column":6},"end":{"line":28,"column":50}},{"start":{},"end":{}}],"line":28},"4":{"loc":{"start":{"line":33,"column":38},"end":{"line":33,"column":49}},"type":"default-arg","locations":[{"start":{"line":33,"column":47},"end":{"line":33,"column":49}}],"line":33},"5":{"loc":{"start":{"line":39,"column":6},"end":{"line":39,"column":107}},"type":"if","locations":[{"start":{"line":39,"column":6},"end":{"line":39,"column":107}},{"start":{},"end":{}}],"line":39},"6":{"loc":{"start":{"line":42,"column":6},"end":{"line":42,"column":50}},"type":"if","locations":[{"start":{"line":42,"column":6},"end":{"line":42,"column":50}},{"start":{},"end":{}}],"line":42},"7":{"loc":{"start":{"line":47,"column":29},"end":{"line":47,"column":40}},"type":"default-arg","locations":[{"start":{"line":47,"column":38},"end":{"line":47,"column":40}}],"line":47},"8":{"loc":{"start":{"line":53,"column":6},"end":{"line":53,"column":105}},"type":"if","locations":[{"start":{"line":53,"column":6},"end":{"line":53,"column":105}},{"start":{},"end":{}}],"line":53},"9":{"loc":{"start":{"line":56,"column":6},"end":{"line":56,"column":50}},"type":"if","locations":[{"start":{"line":56,"column":6},"end":{"line":56,"column":50}},{"start":{},"end":{}}],"line":56},"10":{"loc":{"start":{"line":61,"column":21},"end":{"line":61,"column":32}},"type":"default-arg","locations":[{"start":{"line":61,"column":30},"end":{"line":61,"column":32}}],"line":61},"11":{"loc":{"start":{"line":87,"column":36},"end":{"line":87,"column":47}},"type":"default-arg","locations":[{"start":{"line":87,"column":45},"end":{"line":87,"column":47}}],"line":87},"12":{"loc":{"start":{"line":99,"column":10},"end":{"line":99,"column":34}},"type":"binary-expr","locations":[{"start":{"line":99,"column":10},"end":{"line":99,"column":26}},{"start":{"line":99,"column":30},"end":{"line":99,"column":34}}],"line":99},"13":{"loc":{"start":{"line":100,"column":10},"end":{"line":100,"column":26}},"type":"binary-expr","locations":[{"start":{"line":100,"column":10},"end":{"line":100,"column":18}},{"start":{"line":100,"column":22},"end":{"line":100,"column":26}}],"line":100},"14":{"loc":{"start":{"line":101,"column":10},"end":{"line":101,"column":34}},"type":"binary-expr","locations":[{"start":{"line":101,"column":10},"end":{"line":101,"column":26}},{"start":{"line":101,"column":30},"end":{"line":101,"column":34}}],"line":101},"15":{"loc":{"start":{"line":102,"column":10},"end":{"line":102,"column":38}},"type":"binary-expr","locations":[{"start":{"line":102,"column":10},"end":{"line":102,"column":30}},{"start":{"line":102,"column":34},"end":{"line":102,"column":38}}],"line":102},"16":{"loc":{"start":{"line":103,"column":10},"end":{"line":103,"column":31}},"type":"binary-expr","locations":[{"start":{"line":103,"column":10},"end":{"line":103,"column":23}},{"start":{"line":103,"column":27},"end":{"line":103,"column":31}}],"line":103},"17":{"loc":{"start":{"line":107,"column":6},"end":{"line":107,"column":97}},"type":"if","locations":[{"start":{"line":107,"column":6},"end":{"line":107,"column":97}},{"start":{},"end":{}}],"line":107},"18":{"loc":{"start":{"line":110,"column":6},"end":{"line":110,"column":50}},"type":"if","locations":[{"start":{"line":110,"column":6},"end":{"line":110,"column":50}},{"start":{},"end":{}}],"line":110},"19":{"loc":{"start":{"line":115,"column":30},"end":{"line":115,"column":41}},"type":"default-arg","locations":[{"start":{"line":115,"column":39},"end":{"line":115,"column":41}}],"line":115},"20":{"loc":{"start":{"line":121,"column":6},"end":{"line":121,"column":93}},"type":"if","locations":[{"start":{"line":121,"column":6},"end":{"line":121,"column":93}},{"start":{},"end":{}}],"line":121},"21":{"loc":{"start":{"line":124,"column":6},"end":{"line":124,"column":50}},"type":"if","locations":[{"start":{"line":124,"column":6},"end":{"line":124,"column":50}},{"start":{},"end":{}}],"line":124}},"s":{"0":2,"1":2,"2":2,"3":2,"4":2,"5":2,"6":1,"7":1,"8":1,"9":3,"10":3,"11":2,"12":1,"13":1,"14":2,"15":1,"16":1,"17":3,"18":3,"19":2,"20":1,"21":1,"22":1,"23":2,"24":1,"25":1,"26":3,"27":3,"28":2,"29":1,"30":1,"31":1,"32":2,"33":1,"34":1,"35":2,"36":2,"37":1,"38":1,"39":3,"40":3,"41":2,"42":1,"43":1,"44":2,"45":1,"46":1,"47":3,"48":3,"49":2,"50":1,"51":1,"52":2,"53":1,"54":1,"55":2},"f":{"0":2,"1":2,"2":1,"3":3,"4":3,"5":1,"6":3,"7":1,"8":2,"9":3,"10":3},"b":{"0":[2],"1":[3],"2":[1,1],"3":[1,1],"4":[3],"5":[1,1],"6":[1,1],"7":[3],"8":[1,1],"9":[1,1],"10":[2],"11":[3],"12":[3,3],"13":[3,3],"14":[3,0],"15":[3,3],"16":[3,3],"17":[1,1],"18":[1,1],"19":[3],"20":[1,1],"21":[1,1]},"_coverageSchema":"1a1c01bbd47fc00a2c39e90264f33305004495a9","hash":"ef29c9a063860a6cbcce0e0dd560ecdb9287843a"}
,"C:\\Users\\Benedito\\Documents\\Visual Studio Code\\TecSim\\backend\\services\\bulaServices.js": {"path":"C:\\Users\\Benedito\\Documents\\Visual Studio Code\\TecSim\\backend\\services\\bulaServices.js","statementMap":{"0":{"start":{"line":1,"column":19},"end":{"line":1,"column":58}},"1":{"start":{"line":2,"column":30},"end":{"line":2,"column":76}},"2":{"start":{"line":3,"column":73},"end":{"line":3,"column":99}},"3":{"start":{"line":7,"column":4},"end":{"line":9,"column":5}},"4":{"start":{"line":8,"column":6},"end":{"line":8,"column":60}},"5":{"start":{"line":11,"column":4},"end":{"line":13,"column":5}},"6":{"start":{"line":12,"column":6},"end":{"line":12,"column":96}},"7":{"start":{"line":16,"column":30},"end":{"line":16,"column":95}},"8":{"start":{"line":17,"column":4},"end":{"line":19,"column":5}},"9":{"start":{"line":18,"column":6},"end":{"line":18,"column":83}},"10":{"start":{"line":21,"column":4},"end":{"line":30,"column":5}},"11":{"start":{"line":22,"column":19},"end":{"line":22,"column":48}},"12":{"start":{"line":23,"column":6},"end":{"line":23,"column":18}},"13":{"start":{"line":25,"column":6},"end":{"line":25,"column":41}},"14":{"start":{"line":26,"column":6},"end":{"line":28,"column":7}},"15":{"start":{"line":27,"column":8},"end":{"line":27,"column":73}},"16":{"start":{"line":29,"column":6},"end":{"line":29,"column":76}},"17":{"start":{"line":34,"column":4},"end":{"line":34,"column":38}},"18":{"start":{"line":38,"column":4},"end":{"line":40,"column":5}},"19":{"start":{"line":39,"column":6},"end":{"line":39,"column":74}},"20":{"start":{"line":42,"column":17},"end":{"line":42,"column":46}},"21":{"start":{"line":43,"column":4},"end":{"line":43,"column":62}},"22":{"start":{"line":43,"column":15},"end":{"line":43,"column":62}},"23":{"start":{"line":44,"column":4},"end":{"line":44,"column":16}},"24":{"start":{"line":48,"column":4},"end":{"line":50,"column":5}},"25":{"start":{"line":49,"column":6},"end":{"line":49,"column":89}},"26":{"start":{"line":52,"column":17},"end":{"line":52,"column":69}},"27":{"start":{"line":53,"column":4},"end":{"line":53,"column":84}},"28":{"start":{"line":53,"column":15},"end":{"line":53,"column":84}},"29":{"start":{"line":54,"column":4},"end":{"line":54,"column":16}},"30":{"start":{"line":58,"column":4},"end":{"line":60,"column":5}},"31":{"start":{"line":59,"column":6},"end":{"line":59,"column":74}},"32":{"start":{"line":62,"column":27},"end":{"line":62,"column":60}},"33":{"start":{"line":63,"column":4},"end":{"line":63,"column":72}},"34":{"start":{"line":63,"column":25},"end":{"line":63,"column":72}},"35":{"start":{"line":64,"column":4},"end":{"line":64,"column":26}},"36":{"start":{"line":68,"column":4},"end":{"line":70,"column":5}},"37":{"start":{"line":69,"column":6},"end":{"line":69,"column":74}},"38":{"start":{"line":72,"column":25},"end":{"line":72,"column":52}},"39":{"start":{"line":73,"column":4},"end":{"line":73,"column":70}},"40":{"start":{"line":73,"column":23},"end":{"line":73,"column":70}},"41":{"start":{"line":74,"column":4},"end":{"line":74,"column":24}},"42":{"start":{"line":78,"column":0},"end":{"line":78,"column":35}}},"fnMap":{"0":{"name":"(anonymous_0)","decl":{"start":{"line":6,"column":2},"end":{"line":6,"column":3}},"loc":{"start":{"line":6,"column":21},"end":{"line":31,"column":3}},"line":6},"1":{"name":"(anonymous_1)","decl":{"start":{"line":33,"column":2},"end":{"line":33,"column":3}},"loc":{"start":{"line":33,"column":18},"end":{"line":35,"column":3}},"line":33},"2":{"name":"(anonymous_2)","decl":{"start":{"line":37,"column":2},"end":{"line":37,"column":3}},"loc":{"start":{"line":37,"column":21},"end":{"line":45,"column":3}},"line":37},"3":{"name":"(anonymous_3)","decl":{"start":{"line":47,"column":2},"end":{"line":47,"column":3}},"loc":{"start":{"line":47,"column":44},"end":{"line":55,"column":3}},"line":47},"4":{"name":"(anonymous_4)","decl":{"start":{"line":57,"column":2},"end":{"line":57,"column":3}},"loc":{"start":{"line":57,"column":25},"end":{"line":65,"column":3}},"line":57},"5":{"name":"(anonymous_5)","decl":{"start":{"line":67,"column":2},"end":{"line":67,"column":3}},"loc":{"start":{"line":67,"column":19},"end":{"line":75,"column":3}},"line":67}},"branchMap":{"0":{"loc":{"start":{"line":7,"column":4},"end":{"line":9,"column":5}},"type":"if","locations":[{"start":{"line":7,"column":4},"end":{"line":9,"column":5}},{"start":{},"end":{}}],"line":7},"1":{"loc":{"start":{"line":7,"column":8},"end":{"line":7,"column":41}},"type":"binary-expr","locations":[{"start":{"line":7,"column":8},"end":{"line":7,"column":13}},{"start":{"line":7,"column":17},"end":{"line":7,"column":41}}],"line":7},"2":{"loc":{"start":{"line":11,"column":4},"end":{"line":13,"column":5}},"type":"if","locations":[{"start":{"line":11,"column":4},"end":{"line":13,"column":5}},{"start":{},"end":{}}],"line":11},"3":{"loc":{"start":{"line":11,"column":8},"end":{"line":11,"column":66}},"type":"binary-expr","locations":[{"start":{"line":11,"column":8},"end":{"line":11,"column":28}},{"start":{"line":11,"column":32},"end":{"line":11,"column":66}}],"line":11},"4":{"loc":{"start":{"line":17,"column":4},"end":{"line":19,"column":5}},"type":"if","locations":[{"start":{"line":17,"column":4},"end":{"line":19,"column":5}},{"start":{},"end":{}}],"line":17},"5":{"loc":{"start":{"line":26,"column":6},"end":{"line":28,"column":7}},"type":"if","locations":[{"start":{"line":26,"column":6},"end":{"line":28,"column":7}},{"start":{},"end":{}}],"line":26},"6":{"loc":{"start":{"line":38,"column":4},"end":{"line":40,"column":5}},"type":"if","locations":[{"start":{"line":38,"column":4},"end":{"line":40,"column":5}},{"start":{},"end":{}}],"line":38},"7":{"loc":{"start":{"line":43,"column":4},"end":{"line":43,"column":62}},"type":"if","locations":[{"start":{"line":43,"column":4},"end":{"line":43,"column":62}},{"start":{},"end":{}}],"line":43},"8":{"loc":{"start":{"line":48,"column":4},"end":{"line":50,"column":5}},"type":"if","locations":[{"start":{"line":48,"column":4},"end":{"line":50,"column":5}},{"start":{},"end":{}}],"line":48},"9":{"loc":{"start":{"line":53,"column":4},"end":{"line":53,"column":84}},"type":"if","locations":[{"start":{"line":53,"column":4},"end":{"line":53,"column":84}},{"start":{},"end":{}}],"line":53},"10":{"loc":{"start":{"line":58,"column":4},"end":{"line":60,"column":5}},"type":"if","locations":[{"start":{"line":58,"column":4},"end":{"line":60,"column":5}},{"start":{},"end":{}}],"line":58},"11":{"loc":{"start":{"line":63,"column":4},"end":{"line":63,"column":72}},"type":"if","locations":[{"start":{"line":63,"column":4},"end":{"line":63,"column":72}},{"start":{},"end":{}}],"line":63},"12":{"loc":{"start":{"line":68,"column":4},"end":{"line":70,"column":5}},"type":"if","locations":[{"start":{"line":68,"column":4},"end":{"line":70,"column":5}},{"start":{},"end":{}}],"line":68},"13":{"loc":{"start":{"line":73,"column":4},"end":{"line":73,"column":70}},"type":"if","locations":[{"start":{"line":73,"column":4},"end":{"line":73,"column":70}},{"start":{},"end":{}}],"line":73}},"s":{"0":1,"1":1,"2":1,"3":9,"4":2,"5":7,"6":3,"7":4,"8":4,"9":1,"10":3,"11":3,"12":1,"13":2,"14":2,"15":1,"16":1,"17":2,"18":4,"19":1,"20":3,"21":3,"22":1,"23":2,"24":4,"25":1,"26":3,"27":3,"28":1,"29":2,"30":4,"31":1,"32":3,"33":3,"34":1,"35":2,"36":4,"37":1,"38":3,"39":3,"40":1,"41":2,"42":1},"f":{"0":9,"1":2,"2":4,"3":4,"4":4,"5":4},"b":{"0":[2,7],"1":[9,8],"2":[3,4],"3":[7,5],"4":[1,3],"5":[1,1],"6":[1,3],"7":[1,2],"8":[1,3],"9":[1,2],"10":[1,3],"11":[1,2],"12":[1,3],"13":[1,2]},"_coverageSchema":"1a1c01bbd47fc00a2c39e90264f33305004495a9","hash":"e3253e260ab6080ec487ed0287be27a590eb3b0d"}
,"C:\\Users\\Benedito\\Documents\\Visual Studio Code\\TecSim\\backend\\services\\medicamentosService.js": {"path":"C:\\Users\\Benedito\\Documents\\Visual Studio Code\\TecSim\\backend\\services\\medicamentosService.js","statementMap":{"0":{"start":{"line":1,"column":19},"end":{"line":1,"column":65}},"1":{"start":{"line":2,"column":73},"end":{"line":2,"column":99}},"2":{"start":{"line":6,"column":4},"end":{"line":8,"column":5}},"3":{"start":{"line":7,"column":6},"end":{"line":7,"column":67}},"4":{"start":{"line":10,"column":4},"end":{"line":12,"column":5}},"5":{"start":{"line":11,"column":6},"end":{"line":11,"column":94}},"6":{"start":{"line":14,"column":4},"end":{"line":24,"column":5}},"7":{"start":{"line":15,"column":26},"end":{"line":15,"column":55}},"8":{"start":{"line":16,"column":6},"end":{"line":16,"column":25}},"9":{"start":{"line":18,"column":6},"end":{"line":21,"column":7}},"10":{"start":{"line":20,"column":8},"end":{"line":20,"column":62}},"11":{"start":{"line":23,"column":6},"end":{"line":23,"column":68}},"12":{"start":{"line":28,"column":25},"end":{"line":28,"column":51}},"13":{"start":{"line":29,"column":4},"end":{"line":31,"column":5}},"14":{"start":{"line":30,"column":6},"end":{"line":30,"column":64}},"15":{"start":{"line":32,"column":4},"end":{"line":32,"column":24}},"16":{"start":{"line":36,"column":4},"end":{"line":38,"column":5}},"17":{"start":{"line":37,"column":6},"end":{"line":37,"column":48}},"18":{"start":{"line":39,"column":24},"end":{"line":39,"column":53}},"19":{"start":{"line":40,"column":4},"end":{"line":40,"column":77}},"20":{"start":{"line":40,"column":22},"end":{"line":40,"column":77}},"21":{"start":{"line":41,"column":4},"end":{"line":41,"column":23}},"22":{"start":{"line":45,"column":4},"end":{"line":47,"column":5}},"23":{"start":{"line":46,"column":6},"end":{"line":46,"column":84}},"24":{"start":{"line":49,"column":4},"end":{"line":62,"column":5}},"25":{"start":{"line":50,"column":27},"end":{"line":50,"column":69}},"26":{"start":{"line":52,"column":6},"end":{"line":54,"column":7}},"27":{"start":{"line":53,"column":8},"end":{"line":53,"column":88}},"28":{"start":{"line":56,"column":6},"end":{"line":56,"column":26}},"29":{"start":{"line":58,"column":6},"end":{"line":60,"column":7}},"30":{"start":{"line":59,"column":8},"end":{"line":59,"column":18}},"31":{"start":{"line":61,"column":6},"end":{"line":61,"column":70}},"32":{"start":{"line":66,"colu
[...]
,"C:\\Users\\Benedito\\Documents\\Visual Studio Code\\TecSim\\backend\\utils\\errors.js": {"path":"C:\\Users\\Benedito\\Documents\\Visual Studio Code\\TecSim\\backend\\utils\\errors.js","statementMap":{"0":{"start":{"line":7,"column":4},"end":{"line":7,"column":19}},"1":{"start":{"line":8,"column":4},"end":{"line":8,"column":33}},"2":{"start":{"line":9,"column":4},"end":{"line":9,"column":30}},"3":{"start":{"line":10,"column":4},"end":{"line":10,"column":52}},"4":{"start":{"line":16,"column":4},"end":{"line":16,"column":24}},"5":{"start":{"line":22,"column":4},"end":{"line":22,"column":24}},"6":{"start":{"line":28,"column":4},"end":{"line":28,"column":24}},"7":{"start":{"line":34,"column":4},"end":{"line":34,"column":24}},"8":{"start":{"line":40,"column":4},"end":{"line":40,"column":24}},"9":{"start":{"line":49,"column":4},"end":{"line":49,"column":24}},"10":{"start":{"line":53,"column":0},"end":{"line":61,"column":2}}},"fnMap":{"0":{"name":"(anonymous_0)","decl":{"start":{"line":6,"column":2},"end":{"line":6,"column":3}},"loc":{"start":{"line":6,"column":35},"end":{"line":11,"column":3}},"line":6},"1":{"name":"(anonymous_1)","decl":{"start":{"line":15,"column":2},"end":{"line":15,"column":3}},"loc":{"start":{"line":15,"column":23},"end":{"line":17,"column":3}},"line":15},"2":{"name":"(anonymous_2)","decl":{"start":{"line":21,"column":2},"end":{"line":21,"column":3}},"loc":{"start":{"line":21,"column":23},"end":{"line":23,"column":3}},"line":21},"3":{"name":"(anonymous_3)","decl":{"start":{"line":27,"column":2},"end":{"line":27,"column":3}},"loc":{"start":{"line":27,"column":23},"end":{"line":29,"column":3}},"line":27},"4":{"name":"(anonymous_4)","decl":{"start":{"line":33,"column":2},"end":{"line":33,"column":3}},"loc":{"start":{"line":33,"column":23},"end":{"line":35,"column":3}},"line":33},"5":{"name":"(anonymous_5)","decl":{"start":{"line":39,"column":2},"end":{"line":39,"column":3}},"loc":{"start":{"line":39,"column":23},"end":{"line":41,"column":3}},"line":39},"6":{"name":"(anonymous_6)","decl":{"start":{"line":48,"column":2},"end":{"line":48,"column":3}},"loc":{"start":{"line":48,"column":23},"end":{"line":50,"column":3}},"line":48}},"branchMap":{},"s":{"0":133,"1":133,"2":133,"3":133,"4":62,"5":39,"6":10,"7":0,"8":0,"9":22,"10":9},"f":{"0":133,"1":62,"2":39,"3":10,"4":0,"5":0,"6":22},"b":{},"_coverageSchema":"1a1c01bbd47fc00a2c39e90264f33305004495a9","hash":"0629681dd8381da019c7bf22865c69a1803ac67d"}
,"C:\\Users\\Benedito\\Documents\\Visual Studio Code\\TecSim\\backend\\utils\\validationUtils.js": {"path":"C:\\Users\\Benedito\\Documents\\Visual Studio Code\\TecSim\\backend\\utils\\validationUtils.js","statementMap":{"0":{"start":{"line":7,"column":2},"end":{"line":7,"column":25}},"1":{"start":{"line":7,"column":12},"end":{"line":7,"column":25}},"2":{"start":{"line":10,"column":2},"end":{"line":10,"column":35}},"3":{"start":{"line":11,"column":2},"end":{"line":11,"column":38}},"4":{"start":{"line":11,"column":25},"end":{"line":11,"column":38}},"5":{"start":{"line":14,"column":2},"end":{"line":14,"column":45}},"6":{"start":{"line":14,"column":32},"end":{"line":14,"column":45}},"7":{"start":{"line":17,"column":13},"end":{"line":17,"column":14}},"8":{"start":{"line":18,"column":2},"end":{"line":20,"column":3}},"9":{"start":{"line":18,"column":15},"end":{"line":18,"column":16}},"10":{"start":{"line":19,"column":4},"end":{"line":19,"column":47}},"11":{"start":{"line":21,"column":12},"end":{"line":21,"column":28}},"12":{"start":{"line":22,"column":2},"end":{"line":22,"column":40}},"13":{"start":{"line":22,"column":32},"end":{"line":22,"column":40}},"14":{"start":{"line":23,"column":2},"end":{"line":23,"column":52}},"15":{"start":{"line":23,"column":39},"end":{"line":23,"column":52}},"16":{"start":{"line":26,"column":2},"end":{"line":26,"column":11}},"17":{"start":{"line":27,"column":2},"end":{"line":29,"column":3}},"18":{"start":{"line":27,"column":15},"end":{"line":27,"column":16}},"19":{"start":{"line":28,"column":4},"end":{"line":28,"column":47}},"20":{"start":{"line":30,"column":2},"end":{"line":30,"column":25}},"21":{"start":{"line":31,"column":2},"end":{"line":31,"column":40}},"22":{"start":{"line":31,"column":32},"end":{"line":31,"column":40}},"23":{"start":{"line":32,"column":2},"end":{"line":32,"column":53}},"24":{"start":{"line":32,"column":40},"end":{"line":32,"column":53}},"25":{"start":{"line":34,"column":2},"end":{"line":34,"column":14}},"26":{"start":{"line":39,"column":2},"end":{"line":39,"column":20}},"27":{"start":{"line":40,"column":21},"end":{"line":40,"column":49}},"28":{"start":{"line":41,"column":2},"end":{"line":41,"column":32}},"29":{"start":{"line":46,"column":2},"end":{"line":46,"column":27}},"30":{"start":{"line":46,"column":14},"end":{"line":46,"column":27}},"31":{"start":{"line":47,"column":21},"end":{"line":47,"column":65}},"32":{"start":{"line":48,"column":2},"end":{"line":48,"column":32}},"33":{"start":{"line":53,"column":19},"end":{"line":53,"column":35}},"34":{"start":{"line":54,"column":2},"end":{"line":54,"column":28}},"35":{"start":{"line":59,"column":2},"end":{"line":59,"column":25}},"36":{"start":{"line":59,"column":12},"end":{"line":59,"column":25}},"37":{"start":{"line":60,"column":2},"end":{"line":60,"column":19}},"38":{"start":{"line":61,"column":2},"end":{"line":61,"column":45}},"39":{"start":{"line":66,"column":2},"end":{"line":66,"column":30}},"40":{"start":{"line":66,"column":17},"end":{"line":66,"column":30}},"41":{"start":{"line":67,"column":2},"end":{"line":67,"column":30}},"42":{"start":{"line":72,"column":2},"end":{"line":72,"column":22}},"43":{"start":{"line":72,"column":12},"end":{"line":72,"column":22}},"44":{"start":{"line":74,"column":2},"end":{"line":74,"column":47}},"45":{"start":{"line":79,"column":2},"end":{"line":79,"column":31}},"46":{"start":{"line":80,"column":2},"end":{"line":80,"column":68}},"47":{"start":{"line":85,"column":2},"end":{"line":85,"column":35}},"48":{"start":{"line":86,"column":2},"end":{"line":88,"column":3}},"49":{"start":{"line":87,"column":4},"end":{"line":87,"column":64}},"50":{"start":{"line":89,"column":2},"end":{"line":89,"column":62}},"51":{"start":{"line":94,"column":2},"end":{"line":94,"column":66}},"52":{"start":{"line":94,"column":53},"end":{"line":94,"column":66}},"53":{"start":{"line":97,"column":16},"end":{"line":97,"column":43}},"54":{"start":{"line":98,"column":2},"end":{"line":98,"column":44}},"55":{"start":{"line":98,"column":31},"end":{"line":98,"column":44}},"56":{"start":{"line":100,"column":31},"end":{"line":100,"column":53}},"57":{"start":{"line":101,"column":18},"end":{"line":101,"column":36}},"58":{"start":{"line":102,"column":19},"end":{"line":102,"column":38}},"59":{"start":{"line":103,"column":17},"end":{"line":103,"column":34}},"60":{"start":{"line":106,"column":2},"end":{"line":106,"column":50}},"61":{"start":{"line":106,"column":37},"end":{"line":106,"column":50}},"62":{"start":{"line":107,"column":2},"end":{"line":107,"column":46}},"63":{"start":{"line":107,"column":33},"end":{"line":107,"column":46}},"64":{"start":{"line":110,"column":22},"end":{"line":110,"column":70}},"65":{"start":{"line":113,"column":2},"end":{"line":122,"column":3}},"66":{"start":{"line":114,"column":23},"end":{"line":114,"column":90}},"67":{"start":{"line":115,"column":4},"end":{"line":119,"column":5}},"68":{"start":{"line":116,"column":6},"end":{"line":116,"column":36}},"69":{"start":{"line":116,"column":23},"end":{"line":116,"column":36}},"70":{"start":{"line":118,"column":6},"end":{"line":118,"column":36}},"71":{"start":{"line":118,"column":23},"end":{"line":118,"column":36}},"72":{"start":{"line":120,"column":9},"end":{"line":122,"column":3}},"73":{"start":{"line":121,"column":4},"end":{"line":121,"column":17}},"74":{"start":{"line":124,"column":2},"end":{"line":124,"column":14}},"75":{"start":{"line":129,"column":16},"end":{"line":129,"column":26}},"76":{"start":{"line":130,"column":16},"end":{"line":130,"column":35}},"77":{"start":{"line":131,"column":14},"end":{"line":131,"column":55}},"78":{"start":{"line":132,"column":20},"end":{"line":132,"column":55}},"79":{"start":{"line":134,"column":2},"end":{"line":136,"column":3}},"80":{"start":{"line":135,"column":4},"end":{"line":135,"column":29}},"81":{"start":{"line":138,"column":2},"end":{"line":138,"column":23}},"82":{"start":{"line":141,"column":0},"end":{"line":153,"column":2}}},"fnMap":{"0":{"name":"isValidCPF","decl":{"start":{"line":6,"column":9},"end":{"line":6,"column":19}},"loc":{"start":{"line":6,"column":25},"end":{"line":35,"column":1}},"line":6},"1":{"name":"isValidEmail","decl":{"start":{"line":38,"column":9},"end":{"line":38,"column":21}},"loc":{"start":{"line":38,"column":29},"end":{"line":42,"column":1}},"line":38},"2":{"name":"isValidPhone","decl":{"start":{"line":45,"column":9},"end":{"line":45,"column":21}},"loc":{"start":{"line":45,"column":29},"end":{"line":49,"column":1}},"line":45},"3":{"name":"isValidCEP","decl":{"start":{"line":52,"column":9},"end":{"line":52,"column":19}},"loc":{"start":{"line":52,"column":25},"end":{"line":55,"column":1}},"line":52},"4":{"name":"isValidCRM","decl":{"start":{"line":58,"column":9},"end":{"line":58,"column":19}},"loc":{"start":{"line":58,"column":25},"end":{"line":62,"column":1}},"line":58},"5":{"name":"isValidPassword","decl":{"start":{"line":65,"column":9},"end":{"line":65,"column":24}},"loc":{"start":{"line":65,"column":35},"end":{"line":68,"column":1}},"line":65},"6":{"name":"removeSpecialChars","decl":{"start":{"line":71,"column":9},"end":{"line":71,"column":27}},"loc":{"start":{"line":71,"column":33},"end":{"line":75,"column":1}},"line":71},"7":{"name":"formatCPF","decl":{"start":{"line":78,"column":9},"end":{"line":78,"column":18}},"loc":{"start":{"line":78,"column":24},"end":{"line":81,"column":1}},"line":78},"8":{"name":"formatPhone","decl":{"start":{"line":84,"column":9},"end":{"line":84,"column":20}},"loc":{"start":{"line":84,"column":28},"end":{"line":90,"column":1}},"line":84},"9":{"name":"isValidDate","decl":{"start":{"line":93,"column":9},"end":{"line":93,"column":20}},"loc":{"start":{"line":93,"column":33},"end":{"line":125,"column":1}},"line":93},"10":{"name":"isValidAge","decl":{"start":{"line":128,"column":9},"end":{"line":128,"column":19}},"loc":{"start":{"line":128,"column":43},"end":{"line":139,"column":1}},"line":128}},"branchMap":{"0":{"loc":{"start":{"line":7,"column":2},"end":{"line":7,"column":25}},"type":"if","locations":[{"start":{"line":7,"column":2},"end":{"line":7,"column":25}},{"start":{},"end":{}}],"line":7},"1":{"loc":{"start":{"line":11,"column":2},"end":{"line":11,"column":38}},"type":"if","locations":[{"start":{"line":11,"column":2},"end":{"line":11,"column":38}},{"start":{},"end":{}}],"line":11},"2":{"loc":{"start":{"line":14,"column":2},"end":{"line":14,"column":45}},"type":"if","locations":[{"start":{"line":14,"column":2},"end":{"line":14,"column":45}},{"start":{},"end":{}}],"line":14},"3":{"loc":{"start":{"line":22,"column":2},"end":{"line":22,"column":40}},"type":"if","locations":[{"start":{"line":22,"column":2},"end":{"line":22,"column":40}},{"start":{},"end":{}}],"line":22},"4":{"loc":{"start":{"line":22,"column":6},"end":{"line":22,"column":30}},"type":"binary-expr","locations":[{"start":{"line":22,"column":6},"end":{"line":22,"column":16}},{"start":{"line":22,"column":20},"end":{"line":22,"column":30}}],"line":22},"5":{"loc":{"start":{"line":23,"column":2},"end":{"line":23,"column":52}},"type":"if","locations":[{"start":{"line":23,"column":2},"end":{"line":23,"column":52}},{"start":{},"end":{}}],"line":23},"6":{"loc":{"start":{"line":31,"column":2},"end":{"line":31,"column":40}},"type":"if","locations":[{"start":{"line":31,"column":2},"end":{"line":31,"column":40}},{"start":{},"end":{}}],"line":31},"7":{"loc":{"start":{"line":31,"column":6},"end":{"line":31,"column":30}},"type":"binary-expr","locations":[{"start":{"line":31,"column":6},"end":{"line":31,"column":16}},{"start":{"line":31,"column":20},"end":{"line":31,"column":30}}],"line":31},"8":{"loc":{"start":{"line":32,"column":2},"end":{"line":32,"column":53}},"type":"if","locations":[{"start":{"line":32,"column":2},"end":{"line":32,"column":53}},{"start":{},"end":{}}],"line":32},"9":{"loc":{"start":{"line":46,"column":2},"end":{"line":46,"column":27}},"type":"if","locations":[{"start":{"line":46,"column":2},"end":{"line":46,"column":27}},{"start":{},"end":{}}],"line":46},"10":{"loc":{"start":{"line":59,"column":2},"end":{"line":59,"column":25}},"type":"if","locations":[{"start":{"line":59,"column":2},"end":{"line":59,"column":25}},{"start":{},"end":{}}],"line":59},"11":{"loc":{"start":{"line":61,"column":9},"end":{"line":61,"column":44}},"type":"binary-expr","locations":[{"start":{"line":61,"column":9},"end":{"line":61,"column":24}},{"start":{"line":61,"column":28},"end":{"line":61,"column":44}}],"line":61},"12":{"loc":{"start":{"line":66,"column":2},"end":{"line":66,"column":30}},"type":"if","locations":[{"start":{"line":66,"column":2},"end":{"line":66,"column":30}},{"start":{},"end":{}}],"line":66},"13":{"loc":{"start":{"line":72,"column":2},"end":{"line":72,"column":22}},"type":"if","locations":[{"start":{"line":72,"column":2},"end":{"line":72,"column":22}},{"start":{},"end":{}}],"line":72},"14":{"loc":{"start":{"line":86,"column":2},"end":{"line":88,"column":3}},"type":"if","locations":[{"start":{"line":86,"column":2},"end":{"line":88,"column":3}},{"start":{},"end":{}}],"line":86},"15":{"loc":{"start":{"line":94,"column":2},"end":{"line":94,"column":66}},"type":"if","locations":[{"start":{"line":94,"column":2},"end":{"line":94,"column":66}},{"start":{},"end":{}}],"line":94},"16":{"loc":{"start":{"line":94,"column":6},"end":{"line":94,"column":51}},"type":"binary-expr","locations":[{"start":{"line":94,"column":6},"end":{"line":94,"column":17}},{"start":{"line":94,"column":21},"end":{"line":94,"column":51}}],"line":94},"17":{"loc":{"start":{"line":98,"column":2},"end":{"line":98,"column":44}},"type":"if","locations":[{"start":{"line":98,"column":2},"end":{"line":98,"column":44}},{"start":{},"end":{}}],"line":98},"18":{"loc":{"start":{"line":106,"column":2},"end":{"line":106,"column":50}},"type":"if","locations":[{"start":{"line":106,"column":2},"end":{"line":106,"column":50}},{"start":{},"end":{}}],"line":106},"19":{"loc":{"start":{"line":106,"column":6},"end":{"line":106,"column":35}},"type":"binary-expr","locations":[{"start":{"line":106,"column":6},"end":{"line":106,"column":18}},{"start":{"line":106,"column":22},"end":{"line":106,"column":35}}],"line":106},"20":{"loc":{"start":{"line":107,"column":2},"end":{"line":107,"column":46}},"type":"if","locations":[{"start":{"line":107,"column":2},"end":{"line":107,"column":46}},{"start":{},"end":{}}],"line":107},"21":{"loc":{"start":{"line":107,"column":6},"end":{"line":107,"column":31}},"type":"binary-expr","locations":[{"start":{"line":107,"column":6},"end":{"line":107,"column":16}},{"start":{"line":107,"column":20},"end":{"line":107,"column":31}}],"line":107},"22":{"loc":{"start":{"line":113,"column":2},"end":{"line":122,"column":3}},"type":"if","locations":[{"start":{"line":113,"column":2},"end":{"line":122,"column":3}},{"start":{"line":120,"column":9},"end":{"line":122,"column":3}}],"line":113},"23":{"loc":{"start":{"line":114,"column":23},"end":{"line":114,"column":90}},"type":"binary-expr","locations":[{"start":{"line":114,"column":24},"end":{"line":114,"column":41}},{"start":{"line":114,"column":45},"end":{"line":114,"column":64}},{"start":{"line":114,"column":70},"end":{"line":114,"column":89}}],"line":114},"24":{"loc":{"start":{"line":115,"column":4},"end":{"line":119,"column":5}},"type":"if","locations":[{"start":{"line":115,"column":4},"end":{"line":119,"column":5}},{"start":{"line":117,"column":11},"end":{"line":119,"column":5}}],"line":115},"25":{"loc":{"start":{"line":116,"column":6},"end":{"line":116,"column":36}},"type":"if","locations":[{"start":{"line":116,"column":6},"end":{"line":116,"column":36}},{"start":{},"end":{}}],"line":116},"26":{"loc":{"start":{"line":118,"column":6},"end":{"line":118,"column":36}},"type":"if","locations":[{"start":{"line":118,"column":6},"end":{"line":118,"column":36}},{"start":{},"end":{}}],"line":118},"27":{"loc":{"start":{"line":120,"column":9},"end":{"line":122,"column":3}},"type":"if","locations":[{"start":{"line":120,"column":9},"end":{"line":122,"column":3}},{"start":{},"end":{}}],"line":120},"28":{"loc":{"start":{"line":128,"column":31},"end":{"line":128,"column":41}},"type":"default-arg","locations":[{"start":{"line":128,"column":40},"end":{"line":128,"column":41}}],"line":128},"29":{"loc":{"start":{"line":134,"column":2},"end":{"line":136,"column":3}},"type":"if","locations":[{"start":{"line":134,"column":2},"end":{"line":136,"column":3}},{"start":{},"end":{}}],"line":134},"30":{"loc":{"start":{"line":134,"column":6},"end":{"line":134,"column":77}},"type":"binary-expr","locations":[{"start":{"line":134,"column":6},"end":{"line":134,"column":19}},{"start":{"line":134,"column":24},"end":{"line":134,"column":39}},{"start":{"line":134,"column":43},"end":{"line":134,"column":76}}],"line":134}},"s":{"0":11,"1":3,"2":8,"3":8,"4":1,"5":7,"6":4,"7":3,"8":3,"9":3,"10":27,"11":3,"12":3,"13":1,"14":3,"15":0,"16":3,"17":3,"18":3,"19":30,"20":3,"21":3,"22":0,"23":3,"24":1,"25":2,"26":8,"27":8,"28":8,"29":7,"30":1,"31":6,"32":6,"33":5,"34":5,"35":6,"36":2,"37":4,"38":4,"39":6,"40":2,"41":4,"42":4,"43":1,"44":3,"45":3,"46":3,"47":3,"48":3,"49":2,"50":1,"51":5,"52":0,"53":5,"54":5,"55":1,"56":4,"57":4,"58":4,"59":4,"60":4,"61":1,"62":3,"63":0,"64":3,"65":3,"66":1,"67":1,"68":0,"69":0,"70":1,"71":1,"72":2,"73":0,"74":2,"75":4,"76":4,"77":4,"78":4,"79":4,"80":0,"81":4,"82":3},"f":{"0":11,"1":8,"2":7,"3":5,"4":6,"5":6,"6":4,"7":3,"8":3,"9":5,"10":4},"b":{"0":[3,8],"1":[1,7],"2":[4,3],"3":[1,2],"4":[3,2],"5":[0,3],"6":[0,3],"7":[3,3],"8":[1,2],"9":[1,6],"10":[2,4],"11":[4,3],"12":[2,4],"13":[1,3],"14":[2,1],"15":[0,5],"16":[5,5],"17":[1,4],"18":[1,3],"19":[4,4],"20":[0,3],"21":[3,3],"22":[1,2],"23":[1,0,1],"24":[0,1],"25":[0,0],"26":[1,0],"27":[0,2],"28":[0],"29":[0,4],"30":[4,4,4]},"_coverageSchema":"1a1c01bbd47fc00a2c39e90264f33305004495a9","hash":"122f601a0773e48ab01414c3dc391a6710effb7e"}
}
