{"C:\\Users\\Eric Mateus\\Documents\\Programação\\TecSIM\\backend\\db\\db.js": {"path":"C:\\Users\\Eric Mateus\\Documents\\Programação\\TecSIM\\backend\\db\\db.js","statementMap":{"0":{"start":{"line":2,"column":0},"end":{"line":2,"column":27}},"1":{"start":{"line":4,"column":17},"end":{"line":4,"column":30}},"2":{"start":{"line":7,"column":13},"end":{"line":12,"column":2}},"3":{"start":{"line":14,"column":14},"end":{"line":14,"column":56}},"4":{"start":{"line":14,"column":32},"end":{"line":14,"column":56}},"5":{"start":{"line":17,"column":0},"end":{"line":21,"column":2}},"6":{"start":{"line":19,"column":17},"end":{"line":19,"column":31}}},"fnMap":{"0":{"name":"(anonymous_0)","decl":{"start":{"line":14,"column":14},"end":{"line":14,"column":15}},"loc":{"start":{"line":14,"column":32},"end":{"line":14,"column":56}},"line":14},"1":{"name":"(anonymous_1)","decl":{"start":{"line":19,"column":11},"end":{"line":19,"column":12}},"loc":{"start":{"line":19,"column":17},"end":{"line":19,"column":31}},"line":19}},"branchMap":{},"s":{"0":3,"1":3,"2":3,"3":3,"4":0,"5":3,"6":0},"f":{"0":0,"1":0},"b":{},"_coverageSchema":"1a1c01bbd47fc00a2c39e90264f33305004495a9","hash":"10e232867235f730cc62e98506cbc6558c765571"}
,"C:\\Users\\Eric Mateus\\Documents\\Programação\\TecSIM\\backend\\models\\bulaModel.js": {"path":"C:\\Users\\Eric Mateus\\Documents\\Programação\\TecSIM\\backend\\models\\bulaModel.js","statementMap":{"0":{"start":{"line":12,"column":4},"end":{"line":12,"column":17}},"1":{"start":{"line":13,"column":4},"end":{"line":13,"column":41}},"2":{"start":{"line":14,"column":4},"end":{"line":14,"column":59}},"3":{"start":{"line":15,"column":4},"end":{"line":15,"column":33}},"4":{"start":{"line":16,"column":4},"end":{"line":16,"column":45}},"5":{"start":{"line":17,"column":4},"end":{"line":17,"column":37}},"6":{"start":{"line":18,"column":4},"end":{"line":18,"column":63}},"7":{"start":{"line":19,"column":4},"end":{"line":19,"column":61}},"8":{"start":{"line":24,"column":4},"end":{"line":33,"column":6}},"9":{"start":{"line":38,"column":4},"end":{"line":41,"column":6}},"10":{"start":{"line":45,"column":0},"end":{"line":45,"column":22}}},"fnMap":{"0":{"name":"(anonymous_0)","decl":{"start":{"line":2,"column":2},"end":{"line":2,"column":3}},"loc":{"start":{"line":11,"column":5},"end":{"line":20,"column":3}},"line":11},"1":{"name":"(anonymous_1)","decl":{"start":{"line":23,"column":2},"end":{"line":23,"column":3}},"loc":{"start":{"line":23,"column":11},"end":{"line":34,"column":3}},"line":23},"2":{"name":"(anonymous_2)","decl":{"start":{"line":37,"column":2},"end":{"line":37,"column":3}},"loc":{"start":{"line":37,"column":15},"end":{"line":42,"column":3}},"line":37}},"branchMap":{},"s":{"0":7,"1":7,"2":7,"3":7,"4":7,"5":7,"6":7,"7":7,"8":0,"9":0,"10":1},"f":{"0":7,"1":0,"2":0},"b":{},"_coverageSchema":"1a1c01bbd47fc00a2c39e90264f33305004495a9","hash":"1f4b0f6db6f283bf86d3910ad6d7e0ce6776751d"}
,"C:\\Users\\Eric Mateus\\Documents\\Programação\\TecSIM\\backend\\repository\\bulaRepository.js": {"path":"C:\\Users\\Eric Mateus\\Documents\\Programação\\TecSIM\\backend\\repository\\bulaRepository.js","statementMap":{"0":{"start":{"line":1,"column":11},"end":{"line":1,"column":30}},"1":{"start":{"line":2,"column":13},"end":{"line":2,"column":43}},"2":{"start":{"line":6,"column":19},"end":{"line":6,"column":56}},"3":{"start":{"line":7,"column":4},"end":{"line":7,"column":49}},"4":{"start":{"line":7,"column":34},"end":{"line":7,"column":47}},"5":{"start":{"line":11,"column":19},"end":{"line":11,"column":76}},"6":{"start":{"line":12,"column":4},"end":{"line":12,"column":60}},"7":{"start":{"line":16,"column":19},"end":{"line":16,"column":100}},"8":{"start":{"line":17,"column":4},"end":{"line":17,"column":60}},"9":{"start":{"line":29,"column":8},"end":{"line":29,"column":12}},"10":{"start":{"line":31,"column":4},"end":{"line":55,"column":5}},"11":{"start":{"line":32,"column":21},"end":{"line":51,"column":8}},"12":{"start":{"line":52,"column":6},"end":{"line":52,"column":38}},"13":{"start":{"line":54,"column":6},"end":{"line":54,"column":16}},"14":{"start":{"line":67,"column":8},"end":{"line":67,"column":12}},"15":{"start":{"line":69,"column":4},"end":{"line":94,"column":5}},"16":{"start":{"line":70,"column":21},"end":{"line":90,"column":8}},"17":{"start":{"line":91,"column":6},"end":{"line":91,"column":62}},"18":{"start":{"line":93,"column":6},"end":{"line":93,"column":64}},"19":{"start":{"line":98,"column":4},"end":{"line":103,"column":5}},"20":{"start":{"line":99,"column":21},"end":{"line":99,"column":89}},"21":{"start":{"line":100,"column":6},"end":{"line":100,"column":62}},"22":{"start":{"line":102,"column":6},"end":{"line":102,"column":62}},"23":{"start":{"line":107,"column":0},"end":{"line":107,"column":38}}},"fnMap":{"0":{"name":"(anonymous_0)","decl":{"start":{"line":5,"column":2},"end":{"line":5,"column":3}},"loc":{"start":{"line":5,"column":18},"end":{"line":8,"column":3}},"line":5},"1":{"name":"(anonymous_1)","decl":{"start":{"line":7,"column":27},"end":{"line":7,"column":28}},"loc":{"start":{"line":7,"column":34},"end":{"line":7,"column":47}},"line":7},"2":{"name":"(anonymous_2)","decl":{"start":{"line":10,"column":2},"end":{"line":10,"column":3}},"loc":{"start":{"line":10,"column":21},"end":{"line":13,"column":3}},"line":10},"3":{"name":"(anonymous_3)","decl":{"start":{"line":15,"column":2},"end":{"line":15,"column":3}},"loc":{"start":{"line":15,"column":44},"end":{"line":18,"column":3}},"line":15},"4":{"name":"(anonymous_4)","decl":{"start":{"line":20,"column":2},"end":{"line":20,"column":3}},"loc":{"start":{"line":20,"column":21},"end":{"line":56,"column":3}},"line":20},"5":{"name":"(anonymous_5)","decl":{"start":{"line":58,"column":2},"end":{"line":58,"column":3}},"loc":{"start":{"line":58,"column":25},"end":{"line":95,"column":3}},"line":58},"6":{"name":"(anonymous_6)","decl":{"start":{"line":97,"column":2},"end":{"line":97,"column":3}},"loc":{"start":{"line":97,"column":19},"end":{"line":104,"column":3}},"line":97}},"branchMap":{"0":{"loc":{"start":{"line":12,"column":11},"end":{"line":12,"column":59}},"type":"cond-expr","locations":[{"start":{"line":12,"column":28},"end":{"line":12,"column":52}},{"start":{"line":12,"column":55},"end":{"line":12,"column":59}}],"line":12},"1":{"loc":{"start":{"line":17,"column":11},"end":{"line":17,"column":59}},"type":"cond-expr","locations":[{"start":{"line":17,"column":28},"end":{"line":17,"column":52}},{"start":{"line":17,"column":55},"end":{"line":17,"column":59}}],"line":17},"2":{"loc":{"start":{"line":91,"column":13},"end":{"line":91,"column":61}},"type":"cond-expr","locations":[{"start":{"line":91,"column":30},"end":{"line":91,"column":54}},{"start":{"line":91,"column":57},"end":{"line":91,"column":61}}],"line":91},"3":{"loc":{"start":{"line":100,"column":13},"end":{"line":100,"column":61}},"type":"cond-expr","locations":[{"start":{"line":100,"column":30},"end":{"line":100,"column":54}},{"start":{"line":100,"column":57},"end":{"line":100,"column":61}}],"line":100}},"s":{"0":1,"1":1,"2":1,"3":1,"4":2,"5":2,"6":2,"7":3,"8":3,"9":2,"10":2,"11":2,"12":1,"13":1,"14":3,"15":3,"16":3,"17":2,"18":1,"19":3,"20":3,"21":2,"22":1,"23":1},"f":{"0":1,"1":2,"2":2,"3":3,"4":2,"5":3,"6":3},"b":{"0":[1,1],"1":[1,2],"2":[1,1],"3":[1,1]},"_coverageSchema":"1a1c01bbd47fc00a2c39e90264f33305004495a9","hash":"cd379a32518b94ef5c354464adaa24ef1dfd6132"}
,"C:\\Users\\Eric Mateus\\Documents\\Programação\\TecSIM\\backend\\repository\\medicamentoRepository.js": {"path":"C:\\Users\\Eric Mateus\\Documents\\Programação\\TecSIM\\backend\\repository\\medicamentoRepository.js","statementMap":{"0":{"start":{"line":1,"column":11},"end":{"line":1,"column":30}},"1":{"start":{"line":5,"column":4},"end":{"line":5,"column":36}},"2":{"start":{"line":20,"column":8},"end":{"line":20,"column":58}},"3":{"start":{"line":22,"column":4},"end":{"line":43,"column":5}},"4":{"start":{"line":23,"column":21},"end":{"line":37,"column":8}},"5":{"start":{"line":39,"column":6},"end":{"line":39,"column":28}},"6":{"start":{"line":42,"column":6},"end":{"line":42,"column":16}},"7":{"start":{"line":47,"column":19},"end":{"line":53,"column":6}},"8":{"start":{"line":55,"column":4},"end":{"line":55,"column":65}},"9":{"start":{"line":56,"column":4},"end":{"line":56,"column":23}},"10":{"start":{"line":60,"column":4},"end":{"line":77,"column":5}},"11":{"start":{"line":61,"column":21},"end":{"line":70,"column":29}},"12":{"start":{"line":72,"column":6},"end":{"line":72,"column":76}},"13":{"start":{"line":73,"column":6},"end":{"line":73,"column":25}},"14":{"start":{"line":75,"column":6},"end":{"line":75,"column":58}},"15":{"start":{"line":76,"column":6},"end":{"line":76,"column":16}},"16":{"start":{"line":81,"column":19},"end":{"line":88,"column":12}},"17":{"start":{"line":90,"column":4},"end":{"line":90,"column":63}},"18":{"start":{"line":91,"column":4},"end":{"line":91,"column":26}},"19":{"start":{"line":106,"column":8},"end":{"line":106,"column":58}},"20":{"start":{"line":108,"column":4},"end":{"line":137,"column":5}},"21":{"start":{"line":109,"column":21},"end":{"line":131,"column":8}},"22":{"start":{"line":133,"column":6},"end":{"line":133,"column":61}},"23":{"start":{"line":134,"column":6},"end":{"line":134,"column":28}},"24":{"start":{"line":136,"column":6},"end":{"line":136,"column":71}},"25":{"start":{"line":141,"column":4},"end":{"line":141,"column":53}},"26":{"start":{"line":143,"column":19},"end":{"line":147,"column":12}},"27":{"start":{"line":149,"column":4},"end":{"line":149,"column":50}},"28":{"start":{"line":154,"column":19},"end":{"line":159,"column":21}},"29":{"start":{"line":161,"column":4},"end":{"line":161,"column":23}},"30":{"start":{"line":165,"column":19},"end":{"line":170,"column":14}},"31":{"start":{"line":172,"column":4},"end":{"line":172,"column":23}},"32":{"start":{"line":176,"column":19},"end":{"line":183,"column":15}},"33":{"start":{"line":185,"column":4},"end":{"line":185,"column":23}},"34":{"start":{"line":189,"column":19},"end":{"line":194,"column":22}},"35":{"start":{"line":196,"column":4},"end":{"line":196,"column":23}},"36":{"start":{"line":200,"column":0},"end":{"line":200,"column":45}}},"fnMap":{"0":{"name":"(anonymous_0)","decl":{"start":{"line":4,"column":2},"end":{"line":4,"column":3}},"loc":{"start":{"line":4,"column":16},"end":{"line":6,"column":3}},"line":4},"1":{"name":"(anonymous_1)","decl":{"start":{"line":8,"column":2},"end":{"line":8,"column":3}},"loc":{"start":{"line":8,"column":21},"end":{"line":44,"column":3}},"line":8},"2":{"name":"(anonymous_2)","decl":{"start":{"line":46,"column":2},"end":{"line":46,"column":3}},"loc":{"start":{"line":46,"column":18},"end":{"line":57,"column":3}},"line":46},"3":{"name":"(anonymous_3)","decl":{"start":{"line":59,"column":2},"end":{"line":59,"column":3}},"loc":{"start":{"line":59,"column":27},"end":{"line":78,"column":3}},"line":59},"4":{"name":"(anonymous_4)","decl":{"start":{"line":80,"column":2},"end":{"line":80,"column":3}},"loc":{"start":{"line":80,"column":21},"end":{"line":92,"column":3}},"line":80},"5":{"name":"(anonymous_5)","decl":{"start":{"line":94,"column":2},"end":{"line":94,"column":3}},"loc":{"start":{"line":94,"column":25},"end":{"line":138,"column":3}},"line":94},"6":{"name":"(anonymous_6)","decl":{"start":{"line":140,"column":2},"end":{"line":140,"column":3}},"loc":{"start":{"line":140,"column":19},"end":{"line":150,"column":3}},"line":140},"7":{"name":"(anonymous_7)","decl":{"start":{"line":153,"column":2},"end":{"line":153,"column":3}},"loc":{"start":{"line":153,"column":25},"end":{"line":162,"column":3}},"line":153},"8":{"name":"(anonymous_8)","decl":{"start":{"line":164,"column":2},"end":{"line":164,"column":3}},"loc":{"start":{"line":164,"column":25},"end":{"line":173,"column":3}},"line":164},"9":{"name":"(anonymous_9)","decl":{"start":{"line":175,"column":2},"end":{"line":175,"column":3}},"loc":{"start":{"line":175,"column":33},"end":{"line":186,"column":3}},"line":175},"10":{"name":"(anonymous_10)","decl":{"start":{"line":188,"column":2},"end":{"line":188,"column":3}},"loc":{"start":{"line":188,"column":34},"end":{"line":197,"column":3}},"line":188}},"branchMap":{"0":{"loc":{"start":{"line":20,"column":8},"end":{"line":20,"column":58}},"type":"cond-expr","locations":[{"start":{"line":20,"column":35},"end":{"line":20,"column":51}},{"start":{"line":20,"column":54},"end":{"line":20,"column":58}}],"line":20},"1":{"loc":{"start":{"line":106,"column":8},"end":{"line":106,"column":58}},"type":"cond-expr","locations":[{"start":{"line":106,"column":35},"end":{"line":106,"column":51}},{"start":{"line":106,"column":54},"end":{"line":106,"column":58}}],"line":106}},"s":{"0":1,"1":1,"2":3,"3":3,"4":3,"5":2,"6":1,"7":1,"8":1,"9":1,"10":2,"11":2,"12":1,"13":1,"14":1,"15":1,"16":2,"17":1,"18":1,"19":3,"20":3,"21":3,"22":2,"23":2,"24":1,"25":2,"26":2,"27":2,"28":2,"29":1,"30":2,"31":1,"32":2,"33":1,"34":2,"35":1,"36":1},"f":{"0":1,"1":3,"2":1,"3":2,"4":2,"5":3,"6":2,"7":2,"8":2,"9":2,"10":2},"b":{"0":[1,2],"1":[1,2]},"_coverageSchema":"1a1c01bbd47fc00a2c39e90264f33305004495a9","hash":"13df90144b29acaea2b33b50c246cf6c6dd350e1"}
,"C:\\Users\\Eric Mateus\\Documents\\Programação\\TecSIM\\backend\\repository\\medicamentosPrescritosRepository.js": {"path":"C:\\Users\\Eric Mateus\\Documents\\Programação\\TecSIM\\backend\\repository\\medicamentosPrescritosRepository.js","statementMap":{"0":{"start":{"line":1,"column":11},"end":{"line":1,"column":30}},"1":{"start":{"line":2,"column":41},"end":{"line":2,"column":67}},"2":{"start":{"line":6,"column":4},"end":{"line":16,"column":5}},"3":{"start":{"line":7,"column":21},"end":{"line":11,"column":8}},"4":{"start":{"line":12,"column":6},"end":{"line":12,"column":25}},"5":{"start":{"line":14,"column":6},"end":{"line":14,"column":68}},"6":{"start":{"line":15,"column":6},"end":{"line":15,"column":81}},"7":{"start":{"line":20,"column":4},"end":{"line":36,"column":5}},"8":{"start":{"line":21,"column":21},"end":{"line":29,"column":7}},"9":{"start":{"line":30,"column":6},"end":{"line":30,"column":91}},"10":{"start":{"line":30,"column":27},"end":{"line":30,"column":91}},"11":{"start":{"line":31,"column":6},"end":{"line":31,"column":28}},"12":{"start":{"line":33,"column":6},"end":{"line":33,"column":50}},"13":{"start":{"line":33,"column":40},"end":{"line":33,"column":50}},"14":{"start":{"line":34,"column":6},"end":{"line":34,"column":68}},"15":{"start":{"line":35,"column":6},"end":{"line":35,"column":79}},"16":{"start":{"line":40,"column":4},"end":{"line":55,"column":5}},"17":{"start":{"line":41,"column":21},"end":{"line":49,"column":7}},"18":{"start":{"line":50,"column":6},"end":{"line":50,"column":41}},"19":{"start":{"line":50,"column":31},"end":{"line":50,"column":41}},"20":{"start":{"line":51,"column":6},"end":{"line":51,"column":25}},"21":{"start":{"line":53,"column":6},"end":{"line":53,"column":77}},"22":{"start":{"line":54,"column":6},"end":{"line":54,"column":76}},"23":{"start":{"line":59,"column":4},"end":{"line":89,"column":5}},"24":{"start":{"line":60,"column":21},"end":{"line":74,"column":7}},"25":{"start":{"line":77,"column":6},"end":{"line":77,"column":65}},"26":{"start":{"line":78,"column":22},"end":{"line":78,"column":90}},"27":{"start":{"line":79,"column":6},"end":{"line":79,"column":21}},"28":{"start":{"line":81,"column":6},"end":{"line":87,"column":9}},"29":{"start":{"line":88,"column":6},"end":{"line":88,"column":78}},"30":{"start":{"line":93,"column":4},"end":{"line":126,"column":5}},"31":{"start":{"line":94,"column":22},"end":{"line":94,"column":24}},"32":{"start":{"line":95,"column":6},"end":{"line":115,"column":7}},"33":{"start":{"line":96,"column":23},"end":{"line":110,"column":9}},"34":{"start":{"line":113,"column":24},"end":{"line":113,"column":70}},"35":{"start":{"line":114,"column":8},"end":{"line":114,"column":30}},"36":{"start":{"line":116,"column":6},"end":{"line":116,"column":21}},"37":{"start":{"line":118,"column":6},"end":{"line":124,"column":9}},"38":{"start":{"line":125,"column":6},"end":{"line":125,"column":81}},"39":{"start":{"line":130,"column":4},"end":{"line":163,"column":5}},"40":{"start":{"line":131,"column":21},"end":{"line":152,"column":7}},"41":{"start":{"line":154,"column":6},"end":{"line":154,"column":108}},"42":{"start":{"line":154,"column":27},"end":{"line":154,"column":108}},"43":{"start":{"line":157,"column":22},"end":{"line":157,"column":68}},"44":{"start":{"line":158,"column":6},"end":{"line":158,"column":21}},"45":{"start":{"line":160,"column":6},"end":{"line":160,"column":50}},"46":{"start":{"line":160,"column":40},"end":{"line":160,"column":50}},"47":{"start":{"line":161,"column":6},"end":{"line":161,"column":64}},"48":{"start":{"line":162,"column":6},"end":{"line":162,"column":73}},"49":{"start":{"line":167,"column":4},"end":{"line":178,"column":5}},"50":{"start":{"line":168,"column":21},"end":{"line":171,"column":7}},"51":{"start":{"line":172,"column":6},"end":{"line":172,"column":104}},"52":{"start":{"line":172,"column":27},"end":{"line":172,"column":104}},"53":{"start":{"line":173,"column":6},"end":{"line":173,"column":28}},"54":{"start":{"line":175,"column":6},"end":{"line":175,"column":50}},"55":{"start":{"line":175,"column":40},"end":{"line":175,"column":50}},"56":{"start":{"line":176,"column":6},"end":{"line":176,"column":62}},"57":{"start":{"line":177,"column":6},"end":{"line":177,"column":71}},"58":{"start":{"line":182,"column":0},"end":{"line":182,"column":54}}},"fnMap":{"0":{"name":"(anonymous_0)","decl":{"start":{"line":5,"column":2},"end":{"line":5,"column":3}},"loc":{"start":{"line":5,"column":29},"end":{"line":17,"column":3}},"line":5},"1":{"name":"(anonymous_1)","decl":{"start":{"line":19,"column":2},"end":{"line":19,"column":3}},"loc":{"start":{"line":19,"column":34},"end":{"line":37,"column":3}},"line":19},"2":{"name":"(anonymous_2)","decl":{"start":{"line":39,"column":2},"end":{"line":39,"column":3}},"loc":{"start":{"line":39,"column":55},"end":{"line":56,"column":3}},"line":39},"3":{"name":"(anonymous_3)","decl":{"start":{"line":58,"column":2},"end":{"line":58,"column":3}},"loc":{"start":{"line":58,"column":34},"end":{"line":90,"column":3}},"line":58},"4":{"name":"(anonymous_4)","decl":{"start":{"line":92,"column":2},"end":{"line":92,"column":3}},"loc":{"start":{"line":92,"column":46},"end":{"line":127,"column":3}},"line":92},"5":{"name":"(anonymous_5)","decl":{"start":{"line":129,"column":2},"end":{"line":129,"column":3}},"loc":{"start":{"line":129,"column":38},"end":{"line":164,"column":3}},"line":129},"6":{"name":"(anonymous_6)","decl":{"start":{"line":166,"column":2},"end":{"line":166,"column":3}},"loc":{"start":{"line":166,"column":32},"end":{"line":179,"column":3}},"line":166}},"branchMap":{"0":{"loc":{"start":{"line":5,"column":16},"end":{"line":5,"column":27}},"type":"default-arg","locations":[{"start":{"line":5,"column":25},"end":{"line":5,"column":27}}],"line":5},"1":{"loc":{"start":{"line":19,"column":21},"end":{"line":19,"column":32}},"type":"default-arg","locations":[{"start":{"line":19,"column":30},"end":{"line":19,"column":32}}],"line":19},"2":{"loc":{"start":{"line":30,"column":6},"end":{"line":30,"column":91}},"type":"if","locations":[{"start":{"line":30,"column":6},"end":{"line":30,"column":91}},{"start":{},"end":{}}],"line":30},"3":{"loc":{"start":{"line":33,"column":6},"end":{"line":33,"column":50}},"type":"if","locations":[{"start":{"line":33,"column":6},"end":{"line":33,"column":50}},{"start":{},"end":{}}],"line":33},"4":{"loc":{"start":{"line":39,"column":42},"end":{"line":39,"column":53}},"type":"default-arg","locations":[{"start":{"line":39,"column":51},"end":{"line":39,"column":53}}],"line":39},"5":{"loc":{"start":{"line":50,"column":6},"end":{"line":50,"column":41}},"type":"if","locations":[{"start":{"line":50,"column":6},"end":{"line":50,"column":41}},{"start":{},"end":{}}],"line":50},"6":{"loc":{"start":{"line":58,"column":21},"end":{"line":58,"column":32}},"type":"default-arg","locations":[{"start":{"line":58,"column":30},"end":{"line":58,"column":32}}],"line":58},"7":{"loc":{"start":{"line":92,"column":33},"end":{"line":92,"column":44}},"type":"default-arg","locations":[{"start":{"line":92,"column":42},"end":{"line":92,"column":44}}],"line":92},"8":{"loc":{"start":{"line":129,"column":25},"end":{"line":129,"column":36}},"type":"default-arg","locations":[{"start":{"line":129,"column":34},"end":{"line":129,"column":36}}],"line":129},"9":{"loc":{"start":{"line":143,"column":10},"end":{"line":143,"column":36}},"type":"binary-expr","locations":[{"start":{"line":143,"column":10},"end":{"line":143,"column":28}},{"start":{"line":143,"column":32},"end":{"line":143,"column":36}}],"line":143},"10":{"loc":{"start":{"line":144,"column":10},"end":{"line":144,"column":37}},"type":"binary-expr","locations":[{"start":{"line":144,"column":10},"end":{"line":144,"column":29}},{"start":{"line":144,"column":33},"end":{"line":144,"column":37}}],"line":144},"11":{"loc":{"start":{"line":145,"column":10},"end":{"line":145,"column":30}},"type":"binary-expr","locations":[{"start":{"line":145,"column":10},"end":{"line":145,"column":22}},{"start":{"line":145,"column":26},"end":{"line":145,"column":30}}],"line":145},"12":{"loc":{"start":{"line":146,"column":10},"end":{"line":146,"column":33}},"type":"binary-expr","locations":[{"start":{"line":146,"column":10},"end":{"line":146,"column":25}},{"start":{"line":146,"column":29},"end":{"line":146,"column":33}}],"line":146},"13":{"loc":{"start":{"line":147,"column":10},"end":{"line":147,"column":35}},"type":"binary-expr","locations":[{"start":{"line":147,"column":10},"end":{"line":147,"column":27}},{"start":{"line":147,"column":31},"end":{"line":147,"column":35}}],"line":147},"14":{"loc":{"start":{"line":148,"column":10},"end":{"line":148,"column":31}},"type":"binary-expr","locations":[{"start":{"line":148,"column":10},"end":{"line":148,"column":23}},{"start":{"line":148,"column":27},"end":{"line":148,"column":31}}],"line":148},"15":{"loc":{"start":{"line":149,"column":10},"end":{"line":149,"column":26}},"type":"binary-expr","locations":[{"start":{"line":149,"column":10},"end":{"line":149,"column":18}},{"start":{"line":149,"column":22},"end":{"line":149,"column":26}}],"line":149},"16":{"loc":{"start":{"line":154,"column":6},"end":{"line":154,"column":108}},"type":"if","locations":[{"start":{"line":154,"column":6},"end":{"line":154,"column":108}},{"start":{},"end":{}}],"line":154},"17":{"loc":{"start":{"line":160,"column":6},"end":{"line":160,"column":50}},"type":"if","locations":[{"start":{"line":160,"column":6},"end":{"line":160,"column":50}},{"start":{},"end":{}}],"line":160},"18":{"loc":{"start":{"line":166,"column":19},"end":{"line":166,"column":30}},"type":"default-arg","locations":[{"start":{"line":166,"column":28},"end":{"line":166,"column":30}}],"line":166},"19":{"loc":{"start":{"line":172,"column":6},"end":{"line":172,"column":104}},"type":"if","locations":[{"start":{"line":172,"column":6},"end":{"line":172,"column":104}},{"start":{},"end":{}}],"line":172},"20":{"loc":{"start":{"line":175,"column":6},"end":{"line":175,"column":50}},"type":"if","locations":[{"start":{"line":175,"column":6},"end":{"line":175,"column":50}},{"start":{},"end":{}}],"line":175}},"s":{"0":1,"1":1,"2":2,"3":2,"4":1,"5":1,"6":1,"7":7,"8":7,"9":6,"10":1,"11":5,"12":2,"13":1,"14":1,"15":1,"16":3,"17":3,"18":2,"19":1,"20":1,"21":1,"22":1,"23":2,"24":2,"25":1,"26":1,"27":1,"28":1,"29":1,"30":2,"31":2,"32":2,"33":3,"34":2,"35":2,"36":1,"37":1,"38":1,"39":3,"40":3,"41":2,"42":1,"43":1,"44":1,"45":2,"46":1,"47":1,"48":1,"49":3,"50":3,"51":2,"52":1,"53":1,"54":2,"55":1,"56":1,"57":1,"58":1},"f":{"0":2,"1":7,"2":3,"3":2,"4":2,"5":3,"6":3},"b":{"0":[2],"1":[3],"2":[1,5],"3":[1,1],"4":[3],"5":[1,1],"6":[2],"7":[2],"8":[3],"9":[3,3],"10":[3,3],"11":[3,2],"12":[3,3],"13":[3,3],"14":[3,3],"15":[3,3],"16":[1,1],"17":[1,1],"18":[3],"19":[1,1],"20":[1,1]},"_coverageSchema":"1a1c01bbd47fc00a2c39e90264f33305004495a9","hash":"60ec611646c756604a7bb2a8d50b18c4dc6ff1b4"}
,"C:\\Users\\Eric Mateus\\Documents\\Programação\\TecSIM\\backend\\utils\\errors.js": {"path":"C:\\Users\\Eric Mateus\\Documents\\Programação\\TecSIM\\backend\\utils\\errors.js","statementMap":{"0":{"start":{"line":7,"column":4},"end":{"line":7,"column":19}},"1":{"start":{"line":8,"column":4},"end":{"line":8,"column":33}},"2":{"start":{"line":9,"column":4},"end":{"line":9,"column":30}},"3":{"start":{"line":10,"column":4},"end":{"line":10,"column":52}},"4":{"start":{"line":16,"column":4},"end":{"line":16,"column":24}},"5":{"start":{"line":22,"column":4},"end":{"line":22,"column":24}},"6":{"start":{"line":28,"column":4},"end":{"line":28,"column":24}},"7":{"start":{"line":34,"column":4},"end":{"line":34,"column":24}},"8":{"start":{"line":40,"column":4},"end":{"line":40,"column":24}},"9":{"start":{"line":49,"column":4},"end":{"line":49,"column":24}},"10":{"start":{"line":53,"column":0},"end":{"line":61,"column":2}}},"fnMap":{"0":{"name":"(anonymous_0)","decl":{"start":{"line":6,"column":2},"end":{"line":6,"column":3}},"loc":{"start":{"line":6,"column":35},"end":{"line":11,"column":3}},"line":6},"1":{"name":"(anonymous_1)","decl":{"start":{"line":15,"column":2},"end":{"line":15,"column":3}},"loc":{"start":{"line":15,"column":23},"end":{"line":17,"column":3}},"line":15},"2":{"name":"(anonymous_2)","decl":{"start":{"line":21,"column":2},"end":{"line":21,"column":3}},"loc":{"start":{"line":21,"column":23},"end":{"line":23,"column":3}},"line":21},"3":{"name":"(anonymous_3)","decl":{"start":{"line":27,"column":2},"end":{"line":27,"column":3}},"loc":{"start":{"line":27,"column":23},"end":{"line":29,"column":3}},"line":27},"4":{"name":"(anonymous_4)","decl":{"start":{"line":33,"column":2},"end":{"line":33,"column":3}},"loc":{"start":{"line":33,"column":23},"end":{"line":35,"column":3}},"line":33},"5":{"name":"(anonymous_5)","decl":{"start":{"line":39,"column":2},"end":{"line":39,"column":3}},"loc":{"start":{"line":39,"column":23},"end":{"line":41,"column":3}},"line":39},"6":{"name":"(anonymous_6)","decl":{"start":{"line":48,"column":2},"end":{"line":48,"column":3}},"loc":{"start":{"line":48,"column":23},"end":{"line":50,"column":3}},"line":48}},"branchMap":{},"s":{"0":10,"1":10,"2":10,"3":10,"4":0,"5":3,"6":0,"7":0,"8":0,"9":7,"10":1},"f":{"0":10,"1":0,"2":3,"3":0,"4":0,"5":0,"6":7},"b":{},"_coverageSchema":"1a1c01bbd47fc00a2c39e90264f33305004495a9","hash":"519e6eb413b783e4d23e1b8cfc2dcac4d3262ef5"}
}
