TN:
SF:db\db.js
FN:14,(anonymous_0)
FN:19,(anonymous_1)
FNF:2
FNH:0
FNDA:0,(anonymous_0)
FNDA:0,(anonymous_1)
DA:2,12
DA:4,12
DA:7,12
DA:14,12
DA:17,12
DA:19,0
LF:6
LH:5
BRF:0
BRH:0
end_of_record
TN:
SF:models\bulaModel.js
FN:2,(anonymous_0)
FN:23,(anonymous_1)
FN:37,(anonymous_2)
FNF:3
FNH:2
FNDA:14,(anonymous_0)
FNDA:4,(anonymous_1)
FNDA:0,(anonymous_2)
DA:12,14
DA:13,14
DA:14,14
DA:15,14
DA:16,14
DA:17,14
DA:18,14
DA:19,14
DA:24,4
DA:38,0
DA:45,3
LF:11
LH:10
BRF:0
BRH:0
end_of_record
TN:
SF:models\medicoModel.js
FN:3,(anonymous_0)
FN:15,(anonymous_1)
FN:27,(anonymous_2)
FN:38,(anonymous_3)
FN:43,(anonymous_4)
FNF:5
FNH:1
FNDA:24,(anonymous_0)
FNDA:0,(anonymous_1)
FNDA:0,(anonymous_2)
FNDA:0,(anonymous_3)
FNDA:0,(anonymous_4)
DA:4,24
DA:5,24
DA:6,24
DA:7,24
DA:8,24
DA:9,24
DA:10,24
DA:11,24
DA:12,24
DA:16,0
DA:28,0
DA:39,0
DA:44,0
DA:48,2
LF:14
LH:10
BRDA:11,0,0,24
BRDA:11,0,1,24
BRDA:44,1,0,0
BRDA:44,1,1,0
BRF:4
BRH:2
end_of_record
TN:
SF:models\pacienteModel.js
FN:4,(anonymous_0)
FN:33,(anonymous_1)
FN:50,(anonymous_2)
FN:60,(anonymous_3)
FNF:4
FNH:2
FNDA:38,(anonymous_0)
FNDA:1,(anonymous_1)
FNDA:0,(anonymous_2)
FNDA:0,(anonymous_3)
DA:1,3
DA:18,38
DA:19,38
DA:20,38
DA:21,38
DA:22,38
DA:23,38
DA:24,38
DA:25,38
DA:26,38
DA:27,38
DA:28,38
DA:29,38
DA:34,1
DA:51,0
DA:61,0
DA:62,0
DA:64,0
DA:65,0
DA:66,0
DA:72,0
DA:79,3
LF:22
LH:15
BRDA:62,0,0,0
BRDA:62,0,1,0
BRDA:62,0,2,0
BRDA:65,1,0,0
BRDA:65,1,1,0
BRF:5
BRH:0
end_of_record
TN:
SF:models\prescricaoModel.js
FN:2,(anonymous_0)
FN:20,(anonymous_1)
FNF:2
FNH:1
FNDA:14,(anonymous_0)
FNDA:0,(anonymous_1)
DA:11,14
DA:12,14
DA:13,14
DA:14,14
DA:15,14
DA:16,14
DA:17,14
DA:21,0
DA:33,3
LF:9
LH:8
BRF:0
BRH:0
end_of_record
TN:
SF:repository\bulaRepository.js
FN:5,(anonymous_0)
FN:7,(anonymous_1)
FN:10,(anonymous_2)
FN:15,(anonymous_3)
FN:20,(anonymous_4)
FN:58,(anonymous_5)
FN:97,(anonymous_6)
FNF:7
FNH:7
FNDA:1,(anonymous_0)
FNDA:2,(anonymous_1)
FNDA:2,(anonymous_2)
FNDA:3,(anonymous_3)
FNDA:2,(anonymous_4)
FNDA:3,(anonymous_5)
FNDA:3,(anonymous_6)
DA:1,2
DA:2,2
DA:6,1
DA:7,2
DA:11,2
DA:12,2
DA:16,3
DA:17,3
DA:29,2
DA:31,2
DA:32,2
DA:52,1
DA:54,1
DA:67,3
DA:69,3
DA:70,3
DA:91,2
DA:93,1
DA:98,3
DA:99,3
DA:100,2
DA:102,1
DA:107,2
LF:23
LH:23
BRDA:12,0,0,1
BRDA:12,0,1,1
BRDA:17,1,0,1
BRDA:17,1,1,2
BRDA:91,2,0,1
BRDA:91,2,1,1
BRDA:100,3,0,1
BRDA:100,3,1,1
BRF:8
BRH:8
end_of_record
TN:
SF:repository\medicamentoRepository.js
FN:4,(anonymous_0)
FN:8,(anonymous_1)
FN:46,(anonymous_2)
FN:59,(anonymous_3)
FN:80,(anonymous_4)
FN:94,(anonymous_5)
FN:140,(anonymous_6)
FN:153,(anonymous_7)
FN:164,(anonymous_8)
FN:175,(anonymous_9)
FN:188,(anonymous_10)
FNF:11
FNH:11
FNDA:3,(anonymous_0)
FNDA:3,(anonymous_1)
FNDA:1,(anonymous_2)
FNDA:2,(anonymous_3)
FNDA:2,(anonymous_4)
FNDA:3,(anonymous_5)
FNDA:2,(anonymous_6)
FNDA:2,(anonymous_7)
FNDA:2,(anonymous_8)
FNDA:2,(anonymous_9)
FNDA:2,(anonymous_10)
DA:1,3
DA:5,3
DA:20,3
DA:22,3
DA:23,3
DA:39,2
DA:42,1
DA:47,1
DA:55,1
DA:56,1
DA:60,2
DA:61,2
DA:72,1
DA:73,1
DA:75,1
DA:76,1
DA:81,2
DA:90,1
DA:91,1
DA:106,3
DA:108,3
DA:109,3
DA:133,2
DA:134,2
DA:136,1
DA:141,2
DA:143,2
DA:149,2
DA:154,2
DA:161,1
DA:165,2
DA:172,1
DA:176,2
DA:185,1
DA:189,2
DA:196,1
DA:200,3
LF:37
LH:37
BRDA:20,0,0,1
BRDA:20,0,1,2
BRDA:106,1,0,1
BRDA:106,1,1,2
BRF:4
BRH:4
end_of_record
TN:
SF:repository\medicamentosPrescritosRepository.js
FN:5,(anonymous_0)
FN:19,(anonymous_1)
FN:39,(anonymous_2)
FN:58,(anonymous_3)
FN:92,(anonymous_4)
FN:129,(anonymous_5)
FN:166,(anonymous_6)
FNF:7
FNH:7
FNDA:2,(anonymous_0)
FNDA:7,(anonymous_1)
FNDA:3,(anonymous_2)
FNDA:2,(anonymous_3)
FNDA:2,(anonymous_4)
FNDA:3,(anonymous_5)
FNDA:3,(anonymous_6)
DA:1,2
DA:2,2
DA:6,2
DA:7,2
DA:12,1
DA:14,1
DA:15,1
DA:20,7
DA:21,7
DA:30,6
DA:31,5
DA:33,2
DA:34,1
DA:35,1
DA:40,3
DA:41,3
DA:50,2
DA:51,1
DA:53,1
DA:54,1
DA:59,2
DA:60,2
DA:77,1
DA:78,1
DA:79,1
DA:81,1
DA:88,1
DA:93,2
DA:94,2
DA:95,2
DA:96,3
DA:113,2
DA:114,2
DA:116,1
DA:118,1
DA:125,1
DA:130,3
DA:131,3
DA:154,2
DA:157,1
DA:158,1
DA:160,2
DA:161,1
DA:162,1
DA:167,3
DA:168,3
DA:172,2
DA:173,1
DA:175,2
DA:176,1
DA:177,1
DA:182,2
LF:52
LH:52
BRDA:5,0,0,2
BRDA:19,1,0,3
BRDA:30,2,0,1
BRDA:30,2,1,5
BRDA:33,3,0,1
BRDA:33,3,1,1
BRDA:39,4,0,3
BRDA:50,5,0,1
BRDA:50,5,1,1
BRDA:58,6,0,2
BRDA:92,7,0,2
BRDA:129,8,0,3
BRDA:143,9,0,3
BRDA:143,9,1,3
BRDA:144,10,0,3
BRDA:144,10,1,3
BRDA:145,11,0,3
BRDA:145,11,1,2
BRDA:146,12,0,3
BRDA:146,12,1,3
BRDA:147,13,0,3
BRDA:147,13,1,3
BRDA:148,14,0,3
BRDA:148,14,1,3
BRDA:149,15,0,3
BRDA:149,15,1,3
BRDA:154,16,0,1
BRDA:154,16,1,1
BRDA:160,17,0,1
BRDA:160,17,1,1
BRDA:166,18,0,3
BRDA:172,19,0,1
BRDA:172,19,1,1
BRDA:175,20,0,1
BRDA:175,20,1,1
BRF:35
BRH:35
end_of_record
TN:
SF:repository\medicoRepository.js
FN:8,(anonymous_0)
FN:14,(anonymous_1)
FN:17,(anonymous_2)
FN:26,(anonymous_3)
FN:35,(anonymous_4)
FN:44,(anonymous_5)
FN:65,(anonymous_6)
FN:105,(anonymous_7)
FN:126,(anonymous_8)
FN:145,(anonymous_9)
FN:154,(anonymous_10)
FN:165,(anonymous_11)
FNF:12
FNH:12
FNDA:2,(anonymous_0)
FNDA:3,(anonymous_1)
FNDA:6,(anonymous_2)
FNDA:8,(anonymous_3)
FNDA:7,(anonymous_4)
FNDA:3,(anonymous_5)
FNDA:3,(anonymous_6)
FNDA:5,(anonymous_7)
FNDA:4,(anonymous_8)
FNDA:2,(anonymous_9)
FNDA:2,(anonymous_10)
FNDA:2,(anonymous_11)
DA:1,2
DA:2,2
DA:3,2
DA:5,2
DA:9,2
DA:13,2
DA:14,3
DA:18,6
DA:22,6
DA:23,6
DA:27,8
DA:31,8
DA:32,8
DA:36,7
DA:40,7
DA:41,7
DA:46,3
DA:47,3
DA:50,2
DA:51,2
DA:53,1
DA:55,1
DA:62,1
DA:67,3
DA:68,3
DA:71,2
DA:72,1
DA:73,1
DA:74,1
DA:78,1
DA:98,1
DA:99,0
DA:102,1
DA:106,5
DA:107,5
DA:108,4
DA:110,3
DA:111,3
DA:113,2
DA:115,1
DA:117,1
DA:123,1
DA:127,4
DA:128,4
DA:129,3
DA:131,2
DA:132,2
DA:134,1
DA:146,2
DA:151,2
DA:155,2
DA:162,2
DA:166,2
DA:173,2
DA:177,2
LF:55
LH:54
BRDA:8,0,0,1
BRDA:9,1,0,1
BRDA:9,1,1,1
BRDA:17,2,0,2
BRDA:18,3,0,4
BRDA:18,3,1,2
BRDA:23,4,0,4
BRDA:23,4,1,2
BRDA:26,5,0,1
BRDA:27,6,0,7
BRDA:27,6,1,1
BRDA:32,7,0,6
BRDA:32,7,1,2
BRDA:35,8,0,2
BRDA:36,9,0,5
BRDA:36,9,1,2
BRDA:41,10,0,4
BRDA:41,10,1,3
BRDA:47,11,0,1
BRDA:47,11,1,2
BRDA:51,12,0,1
BRDA:51,12,1,1
BRDA:68,13,0,1
BRDA:68,13,1,2
BRDA:71,14,0,1
BRDA:71,14,1,1
BRDA:73,15,0,1
BRDA:73,15,1,0
BRDA:73,16,0,1
BRDA:73,16,1,1
BRDA:89,17,0,1
BRDA:89,17,1,0
BRDA:90,18,0,1
BRDA:90,18,1,1
BRDA:91,19,0,1
BRDA:91,19,1,1
BRDA:92,20,0,1
BRDA:92,20,1,1
BRDA:93,21,0,1
BRDA:93,21,1,1
BRDA:94,22,0,0
BRDA:94,22,1,1
BRDA:98,23,0,0
BRDA:98,23,1,1
BRDA:107,24,0,1
BRDA:107,24,1,4
BRDA:108,25,0,1
BRDA:108,25,1,3
BRDA:111,26,0,1
BRDA:111,26,1,2
BRDA:113,27,0,1
BRDA:113,27,1,1
BRDA:128,28,0,1
BRDA:128,28,1,3
BRDA:129,29,0,1
BRDA:129,29,1,2
BRDA:132,30,0,1
BRDA:132,30,1,1
BRDA:151,31,0,1
BRDA:151,31,1,1
BRDA:162,32,0,1
BRDA:162,32,1,1
BRDA:173,33,0,1
BRDA:173,33,1,1
BRF:64
BRH:60
end_of_record
TN:
SF:repository\pacientesRepository.js
FN:8,(anonymous_0)
FN:13,(anonymous_1)
FN:16,(anonymous_2)
FN:25,(anonymous_3)
FN:32,(anonymous_4)
FN:39,(anonymous_5)
FN:52,(anonymous_6)
FN:56,(anonymous_7)
FN:67,(anonymous_8)
FN:99,(anonymous_9)
FN:134,(anonymous_10)
FN:142,(anonymous_11)
FN:150,(anonymous_12)
FNF:13
FNH:12
FNDA:1,(anonymous_0)
FNDA:1,(anonymous_1)
FNDA:2,(anonymous_2)
FNDA:1,(anonymous_3)
FNDA:5,(anonymous_4)
FNDA:1,(anonymous_5)
FNDA:0,(anonymous_6)
FNDA:1,(anonymous_7)
FNDA:4,(anonymous_8)
FNDA:4,(anonymous_9)
FNDA:1,(anonymous_10)
FNDA:1,(anonymous_11)
FNDA:2,(anonymous_12)
DA:1,2
DA:2,2
DA:3,2
DA:5,2
DA:9,1
DA:13,1
DA:17,2
DA:22,2
DA:26,1
DA:29,1
DA:33,5
DA:36,5
DA:40,1
DA:42,1
DA:49,1
DA:53,0
DA:57,1
DA:64,1
DA:68,4
DA:69,4
DA:70,1
DA:71,1
DA:72,1
DA:75,3
DA:76,3
DA:77,1
DA:78,1
DA:79,1
DA:82,2
DA:83,1
DA:84,1
DA:85,1
DA:88,1
DA:90,1
DA:96,1
DA:100,4
DA:101,4
DA:102,1
DA:103,1
DA:104,1
DA:107,3
DA:108,3
DA:109,1
DA:110,1
DA:111,1
DA:114,2
DA:115,1
DA:116,1
DA:117,1
DA:120,1
DA:135,1
DA:139,1
DA:143,1
DA:147,1
DA:151,2
DA:156,2
DA:160,2
LF:57
LH:56
BRDA:22,0,0,1
BRDA:22,0,1,1
BRDA:29,1,0,1
BRDA:29,1,1,0
BRDA:36,2,0,4
BRDA:36,2,1,1
BRDA:64,3,0,1
BRDA:64,3,1,0
BRDA:69,4,0,1
BRDA:69,4,1,3
BRDA:76,5,0,1
BRDA:76,5,1,2
BRDA:82,6,0,1
BRDA:82,6,1,1
BRDA:101,7,0,1
BRDA:101,7,1,3
BRDA:108,8,0,1
BRDA:108,8,1,2
BRDA:114,9,0,1
BRDA:114,9,1,1
BRDA:139,10,0,1
BRDA:139,10,1,0
BRDA:147,11,0,1
BRDA:147,11,1,0
BRDA:156,12,0,1
BRDA:156,12,1,1
BRF:26
BRH:22
end_of_record
TN:
SF:repository\prescricaoRepository.js
FN:6,(anonymous_0)
FN:10,(anonymous_1)
FN:13,(anonymous_2)
FN:19,(anonymous_3)
FN:33,(anonymous_4)
FN:40,(anonymous_5)
FN:47,(anonymous_6)
FN:54,(anonymous_7)
FN:61,(anonymous_8)
FN:87,(anonymous_9)
FN:115,(anonymous_10)
FNF:11
FNH:11
FNDA:2,(anonymous_0)
FNDA:2,(anonymous_1)
FNDA:1,(anonymous_2)
FNDA:3,(anonymous_3)
FNDA:3,(anonymous_4)
FNDA:1,(anonymous_5)
FNDA:3,(anonymous_6)
FNDA:1,(anonymous_7)
FNDA:2,(anonymous_8)
FNDA:3,(anonymous_9)
FNDA:3,(anonymous_10)
DA:1,2
DA:2,2
DA:3,2
DA:7,2
DA:11,2
DA:12,2
DA:13,1
DA:15,1
DA:20,3
DA:21,3
DA:25,2
DA:26,1
DA:28,2
DA:29,1
DA:34,3
DA:35,3
DA:39,2
DA:40,1
DA:42,2
DA:43,1
DA:48,3
DA:49,3
DA:53,2
DA:54,1
DA:56,2
DA:57,1
DA:62,2
DA:63,2
DA:77,1
DA:83,1
DA:88,3
DA:89,3
DA:107,2
DA:108,1
DA:110,2
DA:111,1
DA:116,3
DA:117,3
DA:121,2
DA:122,1
DA:124,2
DA:125,1
DA:130,2
LF:43
LH:43
BRDA:10,0,0,2
BRDA:19,1,0,3
BRDA:25,2,0,1
BRDA:25,2,1,1
BRDA:28,3,0,1
BRDA:28,3,1,1
BRDA:33,4,0,3
BRDA:39,5,0,1
BRDA:39,5,1,1
BRDA:42,6,0,1
BRDA:42,6,1,1
BRDA:47,7,0,3
BRDA:53,8,0,1
BRDA:53,8,1,1
BRDA:56,9,0,1
BRDA:56,9,1,1
BRDA:61,10,0,2
BRDA:87,11,0,3
BRDA:99,12,0,3
BRDA:99,12,1,3
BRDA:100,13,0,3
BRDA:100,13,1,3
BRDA:101,14,0,3
BRDA:101,14,1,0
BRDA:102,15,0,3
BRDA:102,15,1,3
BRDA:103,16,0,3
BRDA:103,16,1,3
BRDA:107,17,0,1
BRDA:107,17,1,1
BRDA:110,18,0,1
BRDA:110,18,1,1
BRDA:115,19,0,3
BRDA:121,20,0,1
BRDA:121,20,1,1
BRDA:124,21,0,1
BRDA:124,21,1,1
BRF:37
BRH:36
end_of_record
TN:
SF:services\bulaServices.js
FN:6,(anonymous_0)
FN:33,(anonymous_1)
FN:37,(anonymous_2)
FN:47,(anonymous_3)
FN:57,(anonymous_4)
FN:67,(anonymous_5)
FNF:6
FNH:6
FNDA:9,(anonymous_0)
FNDA:2,(anonymous_1)
FNDA:4,(anonymous_2)
FNDA:4,(anonymous_3)
FNDA:4,(anonymous_4)
FNDA:4,(anonymous_5)
DA:1,1
DA:2,1
DA:3,1
DA:7,9
DA:8,2
DA:11,7
DA:12,3
DA:16,4
DA:17,4
DA:18,1
DA:21,3
DA:22,3
DA:23,1
DA:25,2
DA:26,2
DA:27,1
DA:29,1
DA:34,2
DA:38,4
DA:39,1
DA:42,3
DA:43,3
DA:44,2
DA:48,4
DA:49,1
DA:52,3
DA:53,3
DA:54,2
DA:58,4
DA:59,1
DA:62,3
DA:63,3
DA:64,2
DA:68,4
DA:69,1
DA:72,3
DA:73,3
DA:74,2
DA:78,1
LF:39
LH:39
BRDA:7,0,0,2
BRDA:7,0,1,7
BRDA:7,1,0,9
BRDA:7,1,1,8
BRDA:11,2,0,3
BRDA:11,2,1,4
BRDA:11,3,0,7
BRDA:11,3,1,5
BRDA:17,4,0,1
BRDA:17,4,1,3
BRDA:26,5,0,1
BRDA:26,5,1,1
BRDA:38,6,0,1
BRDA:38,6,1,3
BRDA:43,7,0,1
BRDA:43,7,1,2
BRDA:48,8,0,1
BRDA:48,8,1,3
BRDA:53,9,0,1
BRDA:53,9,1,2
BRDA:58,10,0,1
BRDA:58,10,1,3
BRDA:63,11,0,1
BRDA:63,11,1,2
BRDA:68,12,0,1
BRDA:68,12,1,3
BRDA:73,13,0,1
BRDA:73,13,1,2
BRF:28
BRH:28
end_of_record
TN:
SF:services\medicamentosService.js
FN:5,(anonymous_0)
FN:27,(anonymous_1)
FN:35,(anonymous_2)
FN:44,(anonymous_3)
FN:65,(anonymous_4)
FN:82,(anonymous_5)
FN:102,(anonymous_6)
FNF:7
FNH:6
FNDA:8,(anonymous_0)
FNDA:3,(anonymous_1)
FNDA:0,(anonymous_2)
FNDA:8,(anonymous_3)
FNDA:6,(anonymous_4)
FNDA:8,(anonymous_5)
FNDA:6,(anonymous_6)
DA:1,1
DA:2,1
DA:6,8
DA:7,2
DA:10,6
DA:11,3
DA:14,3
DA:15,3
DA:16,1
DA:18,2
DA:20,1
DA:23,1
DA:28,3
DA:29,3
DA:30,2
DA:32,1
DA:36,0
DA:37,0
DA:39,0
DA:40,0
DA:41,0
DA:45,8
DA:46,4
DA:49,4
DA:50,4
DA:52,2
DA:53,1
DA:56,1
DA:58,3
DA:59,2
DA:61,1
DA:66,6
DA:67,3
DA:70,3
DA:71,3
DA:72,2
DA:73,1
DA:75,2
DA:76,1
DA:78,1
DA:83,8
DA:84,2
DA:86,6
DA:87,2
DA:90,4
DA:91,4
DA:92,2
DA:93,1
DA:95,3
DA:96,2
DA:98,1
DA:103,6
DA:104,2
DA:107,4
DA:108,4
DA:109,2
DA:110,1
DA:112,3
DA:113,2
DA:115,1
DA:120,1
LF:61
LH:56
BRDA:6,0,0,2
BRDA:6,0,1,6
BRDA:6,1,0,8
BRDA:6,1,1,7
BRDA:10,2,0,3
BRDA:10,2,1,3
BRDA:10,3,0,6
BRDA:10,3,1,4
BRDA:10,3,2,4
BRDA:18,4,0,1
BRDA:18,4,1,1
BRDA:29,5,0,2
BRDA:29,5,1,1
BRDA:29,6,0,3
BRDA:29,6,1,2
BRDA:36,7,0,0
BRDA:36,7,1,0
BRDA:36,8,0,0
BRDA:36,8,1,0
BRDA:40,9,0,0
BRDA:40,9,1,0
BRDA:45,10,0,4
BRDA:45,10,1,4
BRDA:45,11,0,8
BRDA:45,11,1,6
BRDA:45,11,2,6
BRDA:52,12,0,1
BRDA:52,12,1,1
BRDA:52,13,0,2
BRDA:52,13,1,2
BRDA:58,14,0,2
BRDA:58,14,1,1
BRDA:66,15,0,3
BRDA:66,15,1,3
BRDA:66,16,0,6
BRDA:66,16,1,4
BRDA:72,17,0,1
BRDA:72,17,1,1
BRDA:75,18,0,1
BRDA:75,18,1,1
BRDA:83,19,0,2
BRDA:83,19,1,6
BRDA:83,20,0,8
BRDA:83,20,1,7
BRDA:86,21,0,2
BRDA:86,21,1,4
BRDA:86,22,0,6
BRDA:86,22,1,5
BRDA:92,23,0,1
BRDA:92,23,1,1
BRDA:95,24,0,2
BRDA:95,24,1,1
BRDA:103,25,0,2
BRDA:103,25,1,4
BRDA:103,26,0,6
BRDA:103,26,1,5
BRDA:109,27,0,1
BRDA:109,27,1,1
BRDA:112,28,0,2
BRDA:112,28,1,1
BRF:60
BRH:54
end_of_record
TN:
SF:services\medicoService.js
FN:6,(anonymous_0)
FN:11,(anonymous_1)
FN:20,(anonymous_2)
FN:31,(anonymous_3)
FN:42,(anonymous_4)
FN:81,(anonymous_5)
FN:112,(anonymous_6)
FN:132,(anonymous_7)
FNF:8
FNH:8
FNDA:1,(anonymous_0)
FNDA:3,(anonymous_1)
FNDA:3,(anonymous_2)
FNDA:3,(anonymous_3)
FNDA:13,(anonymous_4)
FNDA:8,(anonymous_5)
FNDA:6,(anonymous_6)
FNDA:3,(anonymous_7)
DA:1,1
DA:2,1
DA:3,1
DA:7,1
DA:8,1
DA:12,3
DA:14,2
DA:15,2
DA:17,1
DA:21,3
DA:22,1
DA:25,2
DA:26,2
DA:28,1
DA:32,3
DA:33,1
DA:36,2
DA:37,2
DA:39,1
DA:43,13
DA:46,13
DA:47,2
DA:50,11
DA:51,2
DA:54,9
DA:55,2
DA:58,7
DA:59,2
DA:62,5
DA:63,2
DA:67,3
DA:68,3
DA:69,1
DA:72,2
DA:73,2
DA:74,1
DA:77,1
DA:78,1
DA:82,8
DA:85,7
DA:86,7
DA:87,7
DA:90,7
DA:91,7
DA:94,6
DA:95,3
DA:96,3
DA:97,1
DA:101,5
DA:102,3
DA:103,3
DA:104,1
DA:108,4
DA:109,4
DA:113,6
DA:114,2
DA:117,4
DA:118,1
DA:121,3
DA:122,3
DA:124,2
DA:125,2
DA:126,1
DA:129,1
DA:133,3
DA:135,2
DA:136,2
DA:138,1
DA:142,1
LF:69
LH:69
BRDA:12,0,0,1
BRDA:12,0,1,2
BRDA:15,1,0,1
BRDA:15,1,1,1
BRDA:21,2,0,1
BRDA:21,2,1,2
BRDA:21,3,0,3
BRDA:21,3,1,3
BRDA:26,4,0,1
BRDA:26,4,1,1
BRDA:32,5,0,1
BRDA:32,5,1,2
BRDA:32,6,0,3
BRDA:32,6,1,3
BRDA:37,7,0,1
BRDA:37,7,1,1
BRDA:46,8,0,2
BRDA:46,8,1,11
BRDA:46,9,0,13
BRDA:46,9,1,12
BRDA:50,10,0,2
BRDA:50,10,1,9
BRDA:50,11,0,11
BRDA:50,11,1,10
BRDA:54,12,0,2
BRDA:54,12,1,7
BRDA:54,13,0,9
BRDA:54,13,1,8
BRDA:58,14,0,2
BRDA:58,14,1,5
BRDA:58,15,0,7
BRDA:58,15,1,6
BRDA:62,16,0,2
BRDA:62,16,1,3
BRDA:62,17,0,5
BRDA:62,17,1,4
BRDA:68,18,0,1
BRDA:68,18,1,2
BRDA:73,19,0,1
BRDA:73,19,1,1
BRDA:82,20,0,1
BRDA:82,20,1,7
BRDA:91,21,0,1
BRDA:91,21,1,6
BRDA:94,22,0,3
BRDA:94,22,1,3
BRDA:94,23,0,6
BRDA:94,23,1,4
BRDA:96,24,0,1
BRDA:96,24,1,2
BRDA:101,25,0,3
BRDA:101,25,1,2
BRDA:101,26,0,5
BRDA:101,26,1,4
BRDA:103,27,0,1
BRDA:103,27,1,2
BRDA:113,28,0,2
BRDA:113,28,1,4
BRDA:113,29,0,6
BRDA:113,29,1,5
BRDA:117,30,0,1
BRDA:117,30,1,3
BRDA:122,31,0,1
BRDA:122,31,1,2
BRDA:125,32,0,1
BRDA:125,32,1,1
BRDA:133,33,0,1
BRDA:133,33,1,2
BRDA:136,34,0,1
BRDA:136,34,1,1
BRF:70
BRH:70
end_of_record
TN:
SF:services\pacientesService.js
FN:8,(anonymous_0)
FN:13,(anonymous_1)
FN:22,(anonymous_2)
FN:33,(anonymous_3)
FN:62,(anonymous_4)
FN:90,(anonymous_5)
FN:110,(anonymous_6)
FN:119,(anonymous_7)
FN:128,(anonymous_8)
FN:144,(anonymous_9)
FNF:10
FNH:10
FNDA:1,(anonymous_0)
FNDA:4,(anonymous_1)
FNDA:3,(anonymous_2)
FNDA:6,(anonymous_3)
FNDA:6,(anonymous_4)
FNDA:6,(anonymous_5)
FNDA:3,(anonymous_6)
FNDA:3,(anonymous_7)
FNDA:5,(anonymous_8)
FNDA:3,(anonymous_9)
DA:1,1
DA:2,1
DA:3,1
DA:4,1
DA:5,1
DA:9,1
DA:10,1
DA:14,4
DA:16,3
DA:17,3
DA:19,2
DA:23,3
DA:24,1
DA:27,2
DA:28,2
DA:30,1
DA:34,6
DA:36,6
DA:37,1
DA:40,5
DA:41,1
DA:44,4
DA:45,1
DA:48,3
DA:49,3
DA:50,1
DA:53,2
DA:54,2
DA:55,1
DA:58,1
DA:59,1
DA:63,6
DA:65,5
DA:66,5
DA:67,5
DA:69,5
DA:70,5
DA:72,4
DA:73,3
DA:74,3
DA:75,1
DA:79,3
DA:80,1
DA:81,1
DA:82,1
DA:86,2
DA:87,2
DA:91,6
DA:92,2
DA:95,4
DA:96,1
DA:99,3
DA:100,3
DA:102,2
DA:103,2
DA:104,1
DA:107,1
DA:111,3
DA:113,2
DA:114,2
DA:116,1
DA:120,3
DA:122,2
DA:123,2
DA:125,1
DA:129,5
DA:130,1
DA:133,4
DA:134,2
DA:137,2
DA:138,2
DA:140,1
DA:141,1
DA:145,3
DA:146,2
DA:148,2
DA:149,2
DA:151,0
DA:152,0
DA:153,0
DA:156,0
DA:171,1
LF:82
LH:78
BRDA:14,0,0,1
BRDA:14,0,1,3
BRDA:17,1,0,1
BRDA:17,1,1,2
BRDA:23,2,0,1
BRDA:23,2,1,2
BRDA:23,3,0,3
BRDA:23,3,1,3
BRDA:28,4,0,1
BRDA:28,4,1,1
BRDA:36,5,0,1
BRDA:36,5,1,5
BRDA:36,6,0,6
BRDA:36,6,1,6
BRDA:40,7,0,1
BRDA:40,7,1,4
BRDA:40,8,0,5
BRDA:40,8,1,5
BRDA:44,9,0,1
BRDA:44,9,1,3
BRDA:44,10,0,4
BRDA:44,10,1,4
BRDA:49,11,0,1
BRDA:49,11,1,2
BRDA:54,12,0,1
BRDA:54,12,1,1
BRDA:63,13,0,1
BRDA:63,13,1,5
BRDA:70,14,0,1
BRDA:70,14,1,4
BRDA:72,15,0,3
BRDA:72,15,1,1
BRDA:72,16,0,4
BRDA:72,16,1,3
BRDA:74,17,0,1
BRDA:74,17,1,2
BRDA:79,18,0,1
BRDA:79,18,1,2
BRDA:79,19,0,3
BRDA:79,19,1,1
BRDA:81,20,0,1
BRDA:81,20,1,0
BRDA:91,21,0,2
BRDA:91,21,1,4
BRDA:91,22,0,6
BRDA:91,22,1,5
BRDA:95,23,0,1
BRDA:95,23,1,3
BRDA:100,24,0,1
BRDA:100,24,1,2
BRDA:103,25,0,1
BRDA:103,25,1,1
BRDA:111,26,0,1
BRDA:111,26,1,2
BRDA:114,27,0,1
BRDA:114,27,1,1
BRDA:120,28,0,1
BRDA:120,28,1,2
BRDA:123,29,0,1
BRDA:123,29,1,1
BRDA:129,30,0,1
BRDA:129,30,1,4
BRDA:129,31,0,5
BRDA:129,31,1,5
BRDA:133,32,0,2
BRDA:133,32,1,2
BRDA:138,33,0,1
BRDA:138,33,1,1
BRDA:146,34,0,0
BRDA:146,34,1,2
BRDA:149,35,0,2
BRDA:149,35,1,0
BRDA:151,36,0,0
BRDA:151,36,1,0
BRF:74
BRH:69
end_of_record
TN:
SF:services\prescricaoServices.js
FN:8,(anonymous_0)
FN:12,(anonymous_1)
FN:28,(anonymous_2)
FN:33,(anonymous_3)
FN:45,(anonymous_4)
FN:53,(anonymous_5)
FN:65,(anonymous_6)
FN:99,(anonymous_7)
FN:103,(anonymous_8)
FNF:9
FNH:9
FNDA:1,(anonymous_0)
FNDA:3,(anonymous_1)
FNDA:3,(anonymous_2)
FNDA:2,(anonymous_3)
FNDA:2,(anonymous_4)
FNDA:5,(anonymous_5)
FNDA:2,(anonymous_6)
FNDA:2,(anonymous_7)
FNDA:2,(anonymous_8)
DA:1,1
DA:2,1
DA:3,1
DA:4,1
DA:9,1
DA:13,3
DA:15,2
DA:16,0
DA:20,2
DA:22,2
DA:29,3
DA:32,2
DA:34,2
DA:35,2
DA:42,2
DA:46,2
DA:54,5
DA:55,5
DA:56,5
DA:59,5
DA:62,4
DA:65,4
DA:70,4
DA:71,2
DA:72,2
DA:73,2
DA:75,1
DA:76,1
DA:81,3
DA:84,3
DA:85,3
DA:90,2
DA:91,2
DA:92,2
DA:94,5
DA:100,2
DA:104,2
DA:108,1
LF:38
LH:37
BRDA:15,0,0,0
BRDA:15,0,1,2
BRDA:62,1,0,3
BRDA:62,1,1,1
BRF:4
BRH:3
end_of_record
TN:
SF:utils\errors.js
FN:6,(anonymous_0)
FN:15,(anonymous_1)
FN:21,(anonymous_2)
FN:27,(anonymous_3)
FN:33,(anonymous_4)
FN:39,(anonymous_5)
FN:48,(anonymous_6)
FNF:7
FNH:5
FNDA:133,(anonymous_0)
FNDA:62,(anonymous_1)
FNDA:39,(anonymous_2)
FNDA:10,(anonymous_3)
FNDA:0,(anonymous_4)
FNDA:0,(anonymous_5)
FNDA:22,(anonymous_6)
DA:7,133
DA:8,133
DA:9,133
DA:10,133
DA:16,62
DA:22,39
DA:28,10
DA:34,0
DA:40,0
DA:49,22
DA:53,9
LF:11
LH:9
BRF:0
BRH:0
end_of_record
TN:
SF:utils\validationUtils.js
FN:6,isValidCPF
FN:38,isValidEmail
FN:44,isValidPhone
FN:50,isValidCEP
FN:56,isValidCRM
FN:63,isValidPassword
FN:69,removeSpecialChars
FN:74,formatCPF
FN:80,formatPhone
FN:89,isValidDate
FN:95,isValidAge
FNF:11
FNH:0
FNDA:0,isValidCPF
FNDA:0,isValidEmail
FNDA:0,isValidPhone
FNDA:0,isValidCEP
FNDA:0,isValidCRM
FNDA:0,isValidPassword
FNDA:0,removeSpecialChars
FNDA:0,formatCPF
FNDA:0,formatPhone
FNDA:0,isValidDate
FNDA:0,isValidAge
DA:7,0
DA:10,0
DA:11,0
DA:14,0
DA:17,0
DA:18,0
DA:19,0
DA:21,0
DA:22,0
DA:23,0
DA:26,0
DA:27,0
DA:28,0
DA:30,0
DA:31,0
DA:32,0
DA:34,0
DA:39,0
DA:40,0
DA:45,0
DA:46,0
DA:51,0
DA:52,0
DA:57,0
DA:58,0
DA:59,0
DA:64,0
DA:65,0
DA:70,0
DA:75,0
DA:76,0
DA:81,0
DA:82,0
DA:83,0
DA:85,0
DA:90,0
DA:91,0
DA:96,0
DA:97,0
DA:98,0
DA:99,0
DA:101,0
DA:102,0
DA:105,0
DA:108,2
LF:45
LH:1
BRDA:7,0,0,0
BRDA:7,0,1,0
BRDA:11,1,0,0
BRDA:11,1,1,0
BRDA:14,2,0,0
BRDA:14,2,1,0
BRDA:22,3,0,0
BRDA:22,3,1,0
BRDA:22,4,0,0
BRDA:22,4,1,0
BRDA:23,5,0,0
BRDA:23,5,1,0
BRDA:31,6,0,0
BRDA:31,6,1,0
BRDA:31,7,0,0
BRDA:31,7,1,0
BRDA:32,8,0,0
BRDA:32,8,1,0
BRDA:57,9,0,0
BRDA:57,9,1,0
BRDA:59,10,0,0
BRDA:59,10,1,0
BRDA:64,11,0,0
BRDA:64,11,1,0
BRDA:82,12,0,0
BRDA:82,12,1,0
BRDA:91,13,0,0
BRDA:91,13,1,0
BRDA:95,14,0,0
BRDA:101,15,0,0
BRDA:101,15,1,0
BRDA:101,16,0,0
BRDA:101,16,1,0
BRDA:101,16,2,0
BRF:34
BRH:0
end_of_record
